
                                  1      2      3      4      5      6      7      8      9     10     11     12
 R2

   1   1   5 PI                       0.010  0.147  0.148  0.170  0.171  0.185  0.194  0.194  0.195  0.200  0.206  0.207
   2   1   5 PI less transfers        0.008  0.344  0.349  0.382  0.382  0.409  0.415  0.415  0.416  0.430  0.438  0.440
   3   4   5 Real Consumption         0.019  0.105  0.138  0.142  0.146  0.186  0.190  0.204  0.206  0.219  0.334  0.417
   4   4   5 M&T sales                0.017  0.334  0.383  0.399  0.399  0.434  0.435  0.475  0.476  0.535  0.549  0.615
   5   4   5 Retail sales             0.016  0.094  0.152  0.153  0.154  0.230  0.230  0.257  0.271  0.298  0.423  0.474
   6   1   5 IP: total                0.000  0.738  0.758  0.771  0.771  0.773  0.778  0.812  0.909  0.910  0.910  0.914
   7   1   5 IP: products             0.000  0.656  0.683  0.691  0.691  0.702  0.706  0.752  0.883  0.892  0.893  0.893
   8   1   5 IP: final prod           0.001  0.565  0.588  0.600  0.600  0.612  0.615  0.664  0.861  0.867  0.868  0.868
   9   1   5 IP: cons gds             0.000  0.358  0.425  0.437  0.437  0.442  0.447  0.522  0.747  0.773  0.774  0.784
  10   1   5 IP: cons dble            0.001  0.339  0.398  0.425  0.425  0.426  0.426  0.488  0.621  0.623  0.662  0.662
  11   1   5 IP: cons nondble         0.004  0.121  0.142  0.142  0.143  0.150  0.157  0.189  0.325  0.370  0.427  0.445
  12   1   5 IP: bus eqpt             0.001  0.500  0.501  0.507  0.511  0.523  0.525  0.529  0.592  0.604  0.606  0.620
  13   1   5 IP: matls                0.000  0.572  0.583  0.597  0.597  0.597  0.601  0.617  0.663  0.663  0.665  0.679
  14   1   5 IP: dble matls           0.000  0.604  0.622  0.627  0.631  0.631  0.631  0.637  0.676  0.678  0.707  0.719
  15   1   5 IP: nondble matls        0.000  0.306  0.318  0.322  0.326  0.326  0.333  0.360  0.362  0.362  0.366  0.375
  16   1   5 IP: mfg                  0.000  0.767  0.795  0.806  0.807  0.811  0.815  0.850  0.911  0.911  0.914  0.923
  17   1   5 IP: res util             0.002  0.002  0.002  0.003  0.009  0.020  0.020  0.021  0.129  0.152  0.196  0.249
  18   1   5 IP: fuels                0.003  0.012  0.015  0.016  0.017  0.031  0.032  0.039  0.040  0.040  0.041  0.062
  19   1   1 NAPM prodn               0.000  0.597  0.600  0.601  0.605  0.660  0.663  0.777  0.777  0.786  0.787  0.796
  20   1   2 Cap util                 0.000  0.686  0.748  0.763  0.764  0.764  0.767  0.801  0.877  0.877  0.883  0.902
  21   2   2 Help wanted indx         0.000  0.224  0.254  0.254  0.254  0.257  0.259  0.270  0.270  0.272  0.318  0.337
  22   2   2 Help wanted/unemp        0.003  0.313  0.337  0.337  0.337  0.345  0.345  0.380  0.380  0.380  0.435  0.497
  23   2   5 Emp CPS total            0.002  0.274  0.276  0.279  0.279  0.301  0.302  0.306  0.397  0.400  0.404  0.412
  24   2   5 Emp CPS nonag            0.003  0.297  0.301  0.303  0.303  0.323  0.324  0.331  0.407  0.411  0.413  0.419
  25   2   2 U: all                   0.000  0.382  0.382  0.382  0.384  0.389  0.389  0.416  0.422  0.423  0.445  0.493
  26   2   2 U: mean duration         0.000  0.017  0.069  0.077  0.078  0.091  0.095  0.144  0.145  0.150  0.235  0.244
  27   2   5 U < 5 wks                0.000  0.027  0.045  0.046  0.046  0.059  0.060  0.062  0.064  0.064  0.171  0.197
  28   2   5 U 5-14 wks               0.004  0.104  0.106  0.106  0.107  0.110  0.111  0.114  0.114  0.115  0.115  0.117
  29   2   5 U 15+ wks                0.000  0.218  0.239  0.241  0.242  0.246  0.247  0.391  0.392  0.392  0.403  0.429
  30   2   5 U 15-26 wks              0.000  0.111  0.112  0.113  0.115  0.115  0.115  0.169  0.171  0.172  0.174  0.193
  31   2   5 U 27+ wks                0.000  0.118  0.149  0.149  0.149  0.158  0.158  0.255  0.266  0.267  0.278  0.287
  32   2   5 UI claims                0.017  0.201  0.267  0.280  0.288  0.288  0.289  0.308  0.313  0.322  0.341  0.349
  33   2   5 Emp: total               0.000  0.731  0.757  0.759  0.775  0.797  0.799  0.811  0.838  0.848  0.850  0.851
  34   2   5 Emp: gds prod            0.000  0.760  0.779  0.779  0.790  0.804  0.805  0.816  0.823  0.832  0.833  0.837
  35   2   5 Emp: mining              0.001  0.011  0.047  0.049  0.051  0.056  0.056  0.056  0.056  0.057  0.057  0.065
  36   2   5 Emp: const               0.000  0.288  0.290  0.292  0.301  0.354  0.377  0.379  0.535  0.543  0.543  0.553
  37   2   5 Emp: mfg                 0.001  0.726  0.755  0.755  0.762  0.762  0.763  0.787  0.794  0.801  0.802  0.803
  38   2   5 Emp: dble gds            0.001  0.670  0.698  0.698  0.702  0.702  0.703  0.725  0.739  0.742  0.750  0.750
  39   2   5 Emp: nondbles            0.000  0.476  0.491  0.492  0.503  0.510  0.510  0.528  0.529  0.548  0.564  0.564
  40   2   5 Emp: services            0.000  0.383  0.456  0.465  0.484  0.509  0.510  0.525  0.567  0.588  0.636  0.654
  41   2   5 Emp: TTU                 0.000  0.448  0.497  0.507  0.526  0.549  0.549  0.566  0.666  0.674  0.690  0.705
  42   2   5 Emp: wholesale           0.002  0.428  0.543  0.571  0.579  0.592  0.594  0.626  0.659  0.664  0.668  0.668
  43   2   5 Emp: retail              0.000  0.318  0.335  0.339  0.351  0.378  0.379  0.386  0.503  0.521  0.537  0.553
  44   2   5 Emp: FIRE                0.002  0.177  0.250  0.253  0.260  0.298  0.298  0.298  0.342  0.362  0.369  0.400
  45   2   5 Emp: Govt                0.001  0.004  0.045  0.045  0.050  0.050  0.050  0.055  0.056  0.067  0.148  0.149
  46   2   5 Agg wkly hours           0.002  0.464  0.470  0.470  0.484  0.514  0.524  0.562  0.573  0.583  0.585  0.659
  47   2   1 Avg hrs                  0.000  0.137  0.189  0.190  0.192  0.251  0.261  0.422  0.423  0.427  0.430  0.618
  48   2   2 Overtime: mfg            0.000  0.123  0.161  0.161  0.167  0.167  0.169  0.211  0.223  0.224  0.228  0.274
  49   2   1 Avg hrs: mfg             0.001  0.163  0.215  0.218  0.218  0.242  0.244  0.403  0.407  0.412  0.413  0.583
  50   2   1 NAPM empl                0.011  0.511  0.624  0.634  0.638  0.650  0.651  0.772  0.772  0.781  0.781  0.796
  51   3   4 Housing Starts: nonfarm  0.005  0.027  0.146  0.149  0.149  0.269  0.273  0.307  0.538  0.541  0.585  0.599
  52   3   4 Housing Starts: NE       0.001  0.007  0.024  0.024  0.026  0.052  0.056  0.081  0.166  0.166  0.170  0.205
  53   3   4 Housing Starts: MW       0.002  0.009  0.039  0.047  0.047  0.105  0.108  0.118  0.270  0.271  0.300  0.312
  54   3   4 Housing Starts: South    0.004  0.020  0.094  0.100  0.100  0.170  0.177  0.204  0.323  0.328  0.350  0.362
  55   3   4 Housing Starts: West     0.003  0.007  0.061  0.062  0.062  0.082  0.083  0.084  0.101  0.102  0.123  0.131
  56   3   4 BP: total                0.010  0.034  0.265  0.265  0.266  0.322  0.336  0.387  0.534  0.538  0.545  0.560
  57   3   4 BP: NE                   0.000  0.014  0.067  0.068  0.068  0.089  0.099  0.126  0.175  0.177  0.180  0.180
  58   3   4 BP: MW                   0.006  0.013  0.118  0.118  0.122  0.207  0.218  0.248  0.407  0.409  0.417  0.420
  59   3   4 BP: South                0.005  0.020  0.180  0.182  0.186  0.202  0.216  0.251  0.343  0.345  0.350  0.357
  60   3   4 BP: West                 0.011  0.015  0.085  0.089  0.091  0.101  0.101  0.103  0.112  0.114  0.114  0.171
  61   4   1 PMI                      0.007  0.608  0.663  0.670  0.675  0.702  0.706  0.832  0.833  0.847  0.848  0.861
  62   4   1 NAPM new ordrs           0.000  0.594  0.594  0.595  0.598  0.660  0.666  0.763  0.763  0.773  0.773  0.781
  63   4   1 NAPM vendor del          0.028  0.242  0.388  0.405  0.413  0.414  0.420  0.478  0.478  0.523  0.523  0.541
  64   4   1 NAPM Invent              0.017  0.227  0.459  0.478  0.485  0.485  0.487  0.577  0.579  0.586  0.592  0.608
  65   4   5 Orders: cons gds         0.011  0.263  0.332  0.337  0.337  0.337  0.337  0.371  0.374  0.411  0.421  0.502
  66   4   5 Orders: dble gds         0.002  0.147  0.169  0.181  0.181  0.182  0.182  0.186  0.199  0.303  0.307  0.492
  67   4   5 Orders: cap gds          0.001  0.030  0.030  0.038  0.041  0.042  0.045  0.045  0.051  0.097  0.098  0.200
  68   4   5 Unf orders: dble         0.002  0.231  0.312  0.321  0.321  0.322  0.323  0.367  0.371  0.406  0.406  0.444
  69   4   5 M&T invent               0.004  0.145  0.320  0.322  0.336  0.340  0.351  0.465  0.465  0.468  0.473  0.479
  70   4   2 M&T invent/sales         0.023  0.184  0.331  0.349  0.351  0.374  0.374  0.483  0.484  0.555  0.563  0.638
  71   5   6 M1                       0.001  0.006  0.006  0.007  0.032  0.033  0.040  0.081  0.081  0.132  0.352  0.383
  72   5   6 M2                       0.001  0.005  0.005  0.006  0.030  0.044  0.044  0.084  0.084  0.165  0.384  0.400
  73   5   6 Currency                 0.000  0.000  0.000  0.003  0.031  0.041  0.042  0.050  0.057  0.061  0.088  0.101
  74   5   5 M2 (real)                0.002  0.003  0.089  0.138  0.141  0.143  0.146  0.188  0.189  0.273  0.283  0.336
  75   5   6 MB                       0.000  0.001  0.024  0.126  0.126  0.135  0.149  0.157  0.161  0.327  0.419  0.425
  76   5   6 Reserves tot             0.002  0.002  0.008  0.021  0.025  0.033  0.056  0.066  0.070  0.301  0.523  0.534
  77   5   6 Reserves nonbor          0.001  0.001  0.001  0.003  0.003  0.005  0.005  0.006  0.006  0.014  0.014  0.015
  78   5   6 C&I loan plus            0.002  0.018  0.022  0.027  0.030  0.039  0.042  0.042  0.053  0.083  0.127  0.128
  79   5   1 DC&I loans               0.018  0.028  0.113  0.113  0.117  0.125  0.141  0.147  0.150  0.240  0.250  0.251
  80   5   6 Cons credit              0.000  0.006  0.020  0.023  0.023  0.033  0.044  0.054  0.091  0.091  0.106  0.106
  81   5   2 Inst cred/PI             0.011  0.011  0.012  0.013  0.015  0.020  0.021  0.067  0.102  0.104  0.166  0.204
  82   8   5 S&P 500                  0.525  0.528  0.544  0.554  0.557  0.558  0.559  0.559  0.562  0.592  0.592  0.649
  83   8   5 S&P: indust              0.505  0.509  0.528  0.544  0.544  0.545  0.548  0.548  0.550  0.584  0.584  0.641
  84   8   2 S&P div yield            0.459  0.459  0.510  0.511  0.516  0.520  0.522  0.522  0.523  0.542  0.542  0.600
  85   8   5 S&P PE ratio             0.309  0.329  0.394  0.394  0.394  0.394  0.395  0.406  0.406  0.440  0.440  0.498
  86   6   2 Fed Funds                0.021  0.180  0.239  0.269  0.357  0.435  0.436  0.488  0.494  0.508  0.509  0.509
  87   6   2 Comm paper               0.046  0.212  0.258  0.284  0.438  0.635  0.636  0.704  0.718  0.721  0.725  0.726
  88   6   2 3 mo T-bill              0.024  0.174  0.196  0.239  0.426  0.652  0.658  0.724  0.753  0.766  0.767  0.769
  89   6   2 6 mo T-bill              0.039  0.208  0.228  0.269  0.484  0.734  0.742  0.808  0.844  0.854  0.858  0.860
  90   6   2 1 yr T-bond              0.038  0.203  0.218  0.259  0.498  0.762  0.776  0.841  0.885  0.894  0.901  0.902
  91   6   2 5 yr T-bond              0.029  0.131  0.142  0.197  0.426  0.661  0.695  0.763  0.811  0.816  0.824  0.824
  92   6   2 10 yr T-bond             0.031  0.104  0.115  0.161  0.375  0.586  0.616  0.675  0.719  0.722  0.736  0.737
  93   6   2 Aaa bond                 0.056  0.112  0.155  0.180  0.375  0.581  0.594  0.649  0.669  0.670  0.684  0.686
  94   6   2 Baa bond                 0.079  0.101  0.215  0.217  0.400  0.539  0.544  0.589  0.596  0.616  0.627  0.636
  95   6   1 CP-FF spread             0.001  0.007  0.176  0.204  0.245  0.383  0.383  0.470  0.470  0.490  0.518  0.530
  96   6   1 3 mo-FF spread           0.010  0.083  0.439  0.469  0.482  0.634  0.634  0.764  0.769  0.771  0.791  0.795
  97   6   1 6 mo-FF spread           0.006  0.083  0.449  0.483  0.497  0.647  0.647  0.807  0.816  0.820  0.845  0.851
  98   6   1 1 yr-FF spread           0.007  0.086  0.454  0.491  0.506  0.648  0.648  0.777  0.794  0.810  0.836  0.838
  99   6   1 5 yr-FF spread           0.010  0.035  0.594  0.657  0.658  0.763  0.763  0.891  0.899  0.903  0.917  0.929
 100   6   1 10 yr-FF spread          0.011  0.024  0.598  0.662  0.663  0.763  0.763  0.890  0.894  0.895  0.902  0.921
 101   6   1 Aaa-FF spread            0.009  0.009  0.597  0.664  0.665  0.753  0.753  0.856  0.857  0.857  0.860  0.883
 102   6   1 Baa-FF spread            0.011  0.020  0.611  0.677  0.678  0.749  0.749  0.814  0.814  0.814  0.816  0.834
 103   6   5 Ex rate: avg             0.020  0.020  0.027  0.035  0.108  0.116  0.146  0.249  0.256  0.503  0.603  0.624
 104   6   5 Ex rate: Switz           0.001  0.007  0.011  0.014  0.090  0.114  0.155  0.240  0.240  0.368  0.470  0.513
 105   6   5 Ex rate: Japan           0.000  0.001  0.017  0.017  0.052  0.072  0.111  0.201  0.201  0.261  0.333  0.350
 106   6   5 Ex rate: UK              0.002  0.002  0.004  0.014  0.071  0.079  0.100  0.145  0.151  0.319  0.413  0.454
 107   6   5 EX rate: Canada          0.057  0.057  0.060  0.112  0.139  0.140  0.140  0.161  0.161  0.340  0.351  0.351
 108   7   6 PPI: fin gds             0.000  0.001  0.033  0.439  0.500  0.505  0.506  0.507  0.508  0.516  0.518  0.519
 109   7   6 PPI: cons gds            0.000  0.001  0.037  0.457  0.522  0.528  0.528  0.529  0.530  0.537  0.543  0.543
 110   7   6 PPI: int mat値s          0.000  0.001  0.045  0.422  0.503  0.507  0.509  0.509  0.510  0.510  0.511  0.511
 111   7   6 PPI: crude mat値s        0.000  0.000  0.021  0.243  0.278  0.280  0.284  0.287  0.303  0.303  0.305  0.306
 112   7   6 Spot market price        0.006  0.006  0.021  0.084  0.116  0.119  0.121  0.121  0.123  0.147  0.147  0.152
 113   7   6 PPI: nonferrous          0.001  0.002  0.025  0.065  0.092  0.098  0.108  0.115  0.116  0.176  0.180  0.181
 114   7   1 NAPM com price           0.014  0.117  0.379  0.403  0.404  0.404  0.414  0.437  0.439  0.460  0.461  0.507
 115   7   6 CPI-U: all               0.004  0.006  0.062  0.670  0.745  0.754  0.755  0.758  0.761  0.784  0.785  0.785
 116   7   6 CPI-U: apparel           0.000  0.002  0.007  0.026  0.027  0.027  0.028  0.030  0.036  0.041  0.042  0.057
 117   7   6 CPI-U: transp            0.000  0.000  0.055  0.570  0.649  0.656  0.656  0.659  0.659  0.669  0.669  0.669
 118   7   6 CPI-U: medical           0.000  0.000  0.001  0.002  0.003  0.006  0.006  0.006  0.011  0.020  0.020  0.023
 119   7   6 CPI-U: comm.             0.002  0.002  0.073  0.715  0.805  0.812  0.812  0.817  0.817  0.845  0.845  0.846
 120   7   6 CPI-U: dbles             0.000  0.001  0.002  0.028  0.030  0.033  0.033  0.038  0.042  0.045  0.047  0.047
 121   7   6 CPI-U: services          0.003  0.011  0.011  0.035  0.035  0.043  0.044  0.044  0.065  0.065  0.066  0.066
 122   7   6 CPI-U: ex food           0.000  0.001  0.038  0.528  0.593  0.606  0.606  0.608  0.615  0.627  0.628  0.630
 123   7   6 CPI-U: ex shelter        0.004  0.004  0.075  0.697  0.770  0.777  0.777  0.783  0.784  0.803  0.804  0.804
 124   7   6 CPI-U: ex med            0.003  0.005  0.057  0.626  0.703  0.715  0.716  0.722  0.725  0.751  0.753  0.754
 125   7   6 PCE defl                 0.000  0.001  0.058  0.610  0.664  0.668  0.668  0.671  0.672  0.672  0.676  0.676
 126   7   6 PCE defl: dlbes          0.000  0.001  0.002  0.033  0.033  0.034  0.034  0.035  0.035  0.042  0.042  0.044
 127   7   6 PCE defl: nondble        0.002  0.003  0.076  0.696  0.789  0.795  0.795  0.800  0.800  0.822  0.823  0.823
 128   7   6 PCE defl: service        0.002  0.002  0.003  0.030  0.031  0.031  0.033  0.034  0.037  0.085  0.102  0.102
 129   2   6 AHE: goods               0.000  0.000  0.001  0.001  0.002  0.002  0.006  0.020  0.061  0.061  0.192  0.206
 130   2   6 AHE: const               0.000  0.016  0.021  0.021  0.024  0.040  0.051  0.091  0.124  0.126  0.138  0.155
 131   2   6 AHE: mfg                 0.001  0.006  0.008  0.008  0.011  0.012  0.014  0.014  0.068  0.068  0.228  0.232
 132   4   2 Consumer expect          0.047  0.047  0.058  0.061  0.073  0.078  0.101  0.102  0.104  0.104  0.104  0.128
 133   9   9 D_log(DIV)               0.001  0.001  0.002  0.002  0.002  0.004  0.010  0.013  0.020  0.029  0.030  0.104
 134   9   9 D_log(P)                 0.918  0.918  0.920  0.920  0.920  0.924  0.973  0.973  0.973  0.973  0.974  0.974
 135   9   9 D_DIVreinvested          0.001  0.002  0.002  0.002  0.002  0.004  0.010  0.013  0.021  0.030  0.031  0.104
 136   9   9 D_Preinvested            0.919  0.919  0.921  0.921  0.921  0.925  0.974  0.975  0.975  0.975  0.975  0.975
 137   9   9 d-p                      0.001  0.003  0.046  0.051  0.051  0.085  0.085  0.111  0.121  0.136  0.137  0.137
 138   9   9 R15-R11                  0.095  0.098  0.098  0.186  0.519  0.572  0.680  0.706  0.712  0.713  0.714  0.714
 139   9   9 CP factor                0.007  0.011  0.219  0.249  0.268  0.269  0.274  0.288  0.304  0.310  0.312  0.312
 140   9   9 Mkt-RF                   0.915  0.915  0.916  0.916  0.916  0.922  0.974  0.975  0.975  0.975  0.975  0.975
 141   9   9 SMB                      0.256  0.256  0.280  0.326  0.529  0.663  0.917  0.936  0.941  0.941  0.942  0.947
 142   9   9 HML                      0.035  0.039  0.042  0.106  0.488  0.513  0.906  0.932  0.940  0.940  0.940  0.941
 143   9   9 UMD                      0.035  0.039  0.042  0.106  0.488  0.513  0.906  0.932  0.940  0.940  0.940  0.941
 144   9   9 Agric                    0.433  0.433  0.436  0.444  0.444  0.445  0.445  0.446  0.446  0.446  0.447  0.447
 145   9   9 Food                     0.496  0.506  0.509  0.522  0.557  0.566  0.611  0.614  0.614  0.625  0.625  0.628
 146   9   9 Beer                     0.431  0.438  0.440  0.444  0.461  0.465  0.504  0.504  0.507  0.509  0.509  0.510
 147   9   9 Smoke                    0.246  0.257  0.268  0.270  0.304  0.315  0.339  0.341  0.341  0.351  0.352  0.352
 148   9   9 Toys                     0.590  0.591  0.592  0.592  0.598  0.601  0.601  0.601  0.602  0.602  0.602  0.603
 149   9   9 Fun                      0.690  0.690  0.691  0.693  0.696  0.701  0.702  0.702  0.703  0.703  0.705  0.705
 150   9   9 Books                    0.707  0.708  0.708  0.710  0.712  0.713  0.720  0.723  0.723  0.724  0.724  0.727
 151   9   9 Hshld                    0.553  0.554  0.554  0.564  0.566  0.580  0.659  0.659  0.660  0.666  0.666  0.674
 152   9   9 Clths                    0.720  0.722  0.722  0.729  0.729  0.735  0.739  0.745  0.745  0.746  0.747  0.751
 153   9   9 MedEq                    0.547  0.549  0.551  0.558  0.561  0.561  0.632  0.632  0.633  0.639  0.639  0.639
 154   9   9 Drugs                    0.416  0.418  0.427  0.427  0.427  0.432  0.619  0.620  0.623  0.627  0.629  0.638
 155   9   9 Chems                    0.702  0.703  0.708  0.714  0.735  0.757  0.772  0.781  0.781  0.788  0.791  0.791
 156   9   9 Rubbr                    0.761  0.761  0.761  0.763  0.764  0.764  0.770  0.771  0.772  0.772  0.773  0.773
 157   9   9 Txtls                    0.646  0.647  0.647  0.661  0.665  0.666  0.705  0.710  0.713  0.713  0.718  0.722
 158   9   9 BldMt                    0.796  0.796  0.798  0.803  0.821  0.825  0.825  0.825  0.826  0.828  0.828  0.829
 159   9   9 Cnstr                    0.728  0.728  0.729  0.729  0.730  0.730  0.730  0.731  0.731  0.732  0.732  0.732
 160   9   9 Steel                    0.654  0.661  0.665  0.678  0.679  0.681  0.681  0.681  0.682  0.706  0.707  0.712
 161   9   9 Mach                     0.801  0.805  0.806  0.808  0.808  0.813  0.820  0.820  0.820  0.832  0.832  0.834
 162   9   9 ElcEq                    0.721  0.721  0.724  0.724  0.724  0.734  0.766  0.767  0.769  0.769  0.769  0.769
 163   9   9 Autos                    0.604  0.605  0.605  0.609  0.620  0.636  0.637  0.646  0.650  0.656  0.656  0.659
 164   9   9 Aero                     0.621  0.622  0.622  0.625  0.626  0.639  0.641  0.643  0.649  0.650  0.653  0.653
 165   9   9 Ships                    0.512  0.514  0.521  0.521  0.534  0.560  0.560  0.564  0.568  0.568  0.568  0.568
 166   9   9 Mines                    0.527  0.531  0.533  0.538  0.545  0.549  0.549  0.554  0.554  0.587  0.590  0.591
 167   9   9 Coal                     0.325  0.325  0.327  0.334  0.337  0.337  0.338  0.344  0.344  0.376  0.377  0.382
 168   9   9 Oil                      0.393  0.397  0.400  0.403  0.444  0.475  0.495  0.497  0.497  0.500  0.500  0.501
 169   9   9 Util                     0.366  0.367  0.370  0.393  0.514  0.524  0.537  0.546  0.552  0.552  0.560  0.562
 170   9   9 Telcm                    0.454  0.454  0.466  0.468  0.475  0.478  0.527  0.527  0.529  0.533  0.535  0.535
 171   9   9 PerSv                    0.594  0.595  0.595  0.597  0.600  0.600  0.601  0.601  0.601  0.613  0.613  0.614
 172   9   9 BusSv                    0.849  0.849  0.850  0.851  0.862  0.862  0.871  0.871  0.871  0.872  0.872  0.872
 173   9   9 Hardw                    0.501  0.503  0.503  0.518  0.571  0.571  0.646  0.656  0.656  0.663  0.663  0.663
 174   9   9 Chips                    0.664  0.664  0.664  0.675  0.726  0.726  0.760  0.762  0.763  0.763  0.763  0.767
 175   9   9 LabEq                    0.690  0.691  0.692  0.707  0.761  0.761  0.788  0.793  0.793  0.795  0.796  0.796
 176   9   9 Paper                    0.645  0.646  0.651  0.657  0.684  0.706  0.708  0.710  0.710  0.711  0.712  0.712
 177   9   9 Boxes                    0.572  0.572  0.575  0.579  0.583  0.597  0.633  0.636  0.636  0.638  0.638  0.639
 178   9   9 Trans                    0.736  0.736  0.739  0.752  0.756  0.759  0.759  0.761  0.762  0.762  0.762  0.763
 179   9   9 Whlsl                    0.819  0.819  0.819  0.820  0.822  0.822  0.823  0.823  0.823  0.825  0.826  0.827
 180   9   9 Rtail                    0.676  0.681  0.681  0.688  0.688  0.689  0.711  0.715  0.716  0.730  0.730  0.733
 181   9   9 Meals                    0.656  0.658  0.659  0.665  0.665  0.666  0.672  0.672  0.674  0.679  0.679  0.685
 182   9   9 Banks                    0.604  0.604  0.614  0.639  0.686  0.701  0.705  0.713  0.715  0.728  0.728  0.729
 183   9   9 Insur                    0.574  0.574  0.582  0.604  0.654  0.668  0.684  0.687  0.687  0.690  0.690  0.691
 184   9   9 RlEst                    0.664  0.665  0.668  0.669  0.673  0.674  0.721  0.721  0.722  0.722  0.722  0.722
 185   9   9 Fin                      0.769  0.769  0.770  0.770  0.770  0.772  0.788  0.788  0.788  0.788  0.788  0.789
 186   9   9 Other                    0.592  0.593  0.597  0.597  0.599  0.600  0.605  0.607  0.607  0.611  0.614  0.615
 187   9   9 ports_2                  0.648  0.648  0.651  0.693  0.778  0.812  0.824  0.831  0.831  0.833  0.833  0.834
 188   9   9 ports_4                  0.661  0.662  0.665  0.682  0.730  0.749  0.784  0.789  0.791  0.791  0.793  0.795
 189   9   9 ports_5                  0.739  0.740  0.746  0.759  0.798  0.820  0.866  0.868  0.868  0.868  0.869  0.869
 190   9   9 ports_6                  0.692  0.693  0.699  0.716  0.761  0.791  0.848  0.859  0.863  0.864  0.864  0.864
 191   9   9 ports_7                  0.749  0.751  0.760  0.769  0.792  0.808  0.884  0.887  0.888  0.888  0.888  0.888
 192   9   9 ports_8                  0.747  0.749  0.756  0.766  0.785  0.799  0.882  0.884  0.885  0.886  0.887  0.887
 193   9   9 ports_9                  0.780  0.782  0.790  0.796  0.808  0.823  0.908  0.910  0.910  0.910  0.910  0.911
 194   9   9 ports_high               0.742  0.747  0.753  0.761  0.763  0.769  0.889  0.889  0.889  0.892  0.893  0.893
 195   9   9 ports_low                0.713  0.713  0.714  0.743  0.850  0.870  0.870  0.879  0.879  0.879  0.879  0.880
 196   9   9 port2_2                  0.693  0.693  0.694  0.717  0.797  0.831  0.834  0.845  0.847  0.849  0.849  0.849
 197   9   9 port2_3                  0.749  0.749  0.750  0.764  0.827  0.841  0.852  0.855  0.858  0.861  0.862  0.862
 198   9   9 port2_4                  0.709  0.709  0.713  0.726  0.787  0.818  0.849  0.857  0.861  0.861  0.861  0.862
 199   9   9 port2_5                  0.823  0.823  0.824  0.828  0.839  0.847  0.869  0.871  0.871  0.874  0.875  0.876
 200   9   9 port2_6                  0.813  0.813  0.816  0.819  0.826  0.839  0.882  0.882  0.883  0.885  0.885  0.886
 201   9   9 port2_7                  0.790  0.790  0.790  0.792  0.798  0.809  0.857  0.860  0.862  0.866  0.867  0.867
 202   9   9 port2_8                  0.798  0.798  0.798  0.798  0.805  0.814  0.872  0.874  0.875  0.876  0.878  0.878
 203   9   9 port2_9                  0.811  0.811  0.812  0.812  0.812  0.817  0.891  0.891  0.891  0.892  0.893  0.893
 204   9   9 port2_high               0.769  0.773  0.773  0.776  0.776  0.779  0.879  0.879  0.879  0.879  0.879  0.880
 205   9   9 port2_low                0.734  0.734  0.734  0.763  0.855  0.873  0.875  0.883  0.885  0.885  0.886  0.887
 206   9   9 port3_2                  0.779  0.779  0.779  0.791  0.860  0.874  0.875  0.877  0.877  0.878  0.878  0.881
 207   9   9 port3_3                  0.803  0.803  0.803  0.811  0.845  0.854  0.856  0.861  0.863  0.864  0.865  0.866
 208   9   9 port3_4                  0.831  0.831  0.831  0.832  0.846  0.847  0.862  0.862  0.864  0.864  0.864  0.864
 209   9   9 port3_5                  0.838  0.839  0.839  0.841  0.849  0.853  0.873  0.875  0.875  0.876  0.876  0.876
 210   9   9 port3_6                  0.818  0.818  0.818  0.820  0.823  0.830  0.861  0.862  0.862  0.863  0.864  0.866
 211   9   9 port3_7                  0.815  0.817  0.817  0.817  0.817  0.819  0.862  0.862  0.862  0.865  0.865  0.865
 212   9   9 port3_8                  0.817  0.818  0.818  0.818  0.823  0.825  0.879  0.879  0.879  0.881  0.881  0.881
 213   9   9 port3_9                  0.750  0.752  0.752  0.752  0.753  0.764  0.837  0.841  0.841  0.844  0.845  0.846
 214   9   9 port3_high               0.750  0.751  0.752  0.752  0.761  0.761  0.835  0.837  0.838  0.839  0.839  0.842
 215   9   9 port3_low                0.737  0.738  0.738  0.760  0.863  0.874  0.881  0.887  0.889  0.891  0.891  0.891
 216   9   9 port4_2                  0.822  0.822  0.823  0.825  0.864  0.872  0.872  0.873  0.874  0.874  0.874  0.874
 217   9   9 port4_3                  0.827  0.827  0.827  0.830  0.847  0.855  0.859  0.861  0.861  0.861  0.861  0.861
 218   9   9 port4_4                  0.813  0.814  0.814  0.818  0.840  0.853  0.864  0.865  0.865  0.866  0.866  0.866
 219   9   9 port4_5                  0.834  0.835  0.835  0.835  0.835  0.835  0.851  0.851  0.851  0.853  0.853  0.854
 220   9   9 port4_6                  0.823  0.823  0.823  0.823  0.824  0.826  0.851  0.853  0.853  0.855  0.855  0.855
 221   9   9 port4_7                  0.819  0.819  0.820  0.820  0.823  0.826  0.845  0.845  0.845  0.846  0.847  0.849
 222   9   9 port4_8                  0.765  0.766  0.766  0.766  0.766  0.773  0.806  0.806  0.806  0.806  0.806  0.808
 223   9   9 port4_9                  0.765  0.765  0.766  0.767  0.770  0.773  0.815  0.815  0.815  0.822  0.823  0.824
 224   9   9 port4_high               0.693  0.695  0.697  0.697  0.700  0.700  0.764  0.765  0.766  0.767  0.767  0.769
 225   9   9 port4_low                0.735  0.735  0.735  0.753  0.843  0.860  0.876  0.882  0.884  0.884  0.884  0.885
 226   9   9 port5_2                  0.799  0.799  0.799  0.810  0.854  0.863  0.863  0.865  0.866  0.866  0.866  0.868
 227   9   9 port5_3                  0.838  0.838  0.838  0.841  0.854  0.856  0.857  0.857  0.857  0.857  0.857  0.857
 228   9   9 port5_4                  0.839  0.839  0.839  0.841  0.843  0.845  0.847  0.847  0.847  0.847  0.848  0.848
 229   9   9 port5_5                  0.845  0.845  0.846  0.847  0.848  0.848  0.853  0.854  0.854  0.854  0.854  0.855
 230   9   9 port5_6                  0.798  0.798  0.799  0.799  0.802  0.802  0.815  0.815  0.815  0.816  0.817  0.817
 231   9   9 port5_7                  0.803  0.803  0.803  0.804  0.816  0.816  0.841  0.843  0.844  0.845  0.846  0.847
 232   9   9 port5_8                  0.784  0.784  0.784  0.789  0.797  0.797  0.824  0.825  0.826  0.826  0.828  0.828
 233   9   9 port5_9                  0.750  0.750  0.750  0.759  0.776  0.777  0.813  0.816  0.817  0.817  0.817  0.820
 234   9   9 port5_high               0.719  0.719  0.723  0.723  0.733  0.733  0.777  0.778  0.778  0.779  0.780  0.781
 235   9   9 port5_low                0.722  0.722  0.722  0.740  0.825  0.834  0.868  0.877  0.878  0.878  0.878  0.880
 236   9   9 port6_2                  0.830  0.831  0.831  0.833  0.859  0.861  0.867  0.869  0.869  0.869  0.869  0.869
 237   9   9 port6_3                  0.831  0.832  0.832  0.832  0.835  0.836  0.836  0.836  0.836  0.837  0.837  0.838
 238   9   9 port6_4                  0.844  0.844  0.845  0.846  0.846  0.847  0.847  0.847  0.847  0.848  0.850  0.851
 239   9   9 port6_5                  0.827  0.827  0.828  0.829  0.829  0.829  0.832  0.832  0.833  0.833  0.834  0.835
 240   9   9 port6_6                  0.783  0.783  0.784  0.787  0.808  0.814  0.820  0.820  0.820  0.820  0.820  0.820
 241   9   9 port6_7                  0.792  0.792  0.794  0.799  0.823  0.828  0.833  0.834  0.835  0.835  0.835  0.835
 242   9   9 port6_8                  0.755  0.755  0.757  0.761  0.789  0.791  0.805  0.808  0.809  0.809  0.813  0.814
 243   9   9 port6_9                  0.704  0.704  0.706  0.709  0.724  0.725  0.755  0.755  0.756  0.756  0.759  0.760
 244   9   9 port6_high               0.599  0.599  0.600  0.602  0.604  0.609  0.649  0.649  0.649  0.649  0.650  0.650
 245   9   9 port6_low                0.706  0.706  0.706  0.723  0.804  0.812  0.864  0.870  0.871  0.871  0.871  0.873
 246   9   9 port7_2                  0.844  0.844  0.844  0.846  0.851  0.851  0.867  0.867  0.867  0.868  0.868  0.869
 247   9   9 port7_3                  0.848  0.849  0.849  0.850  0.851  0.857  0.860  0.861  0.861  0.861  0.862  0.862
 248   9   9 port7_4                  0.839  0.839  0.839  0.840  0.843  0.844  0.849  0.851  0.853  0.854  0.855  0.855
 249   9   9 port7_5                  0.825  0.825  0.827  0.828  0.836  0.844  0.844  0.845  0.846  0.846  0.847  0.847
 250   9   9 port7_6                  0.779  0.780  0.781  0.784  0.804  0.807  0.807  0.814  0.814  0.814  0.817  0.818
 251   9   9 port7_7                  0.770  0.770  0.771  0.771  0.776  0.776  0.780  0.781  0.781  0.782  0.783  0.786
 252   9   9 port7_8                  0.753  0.753  0.753  0.755  0.789  0.792  0.796  0.798  0.798  0.798  0.802  0.803
 253   9   9 port7_9                  0.699  0.700  0.705  0.717  0.754  0.759  0.774  0.776  0.780  0.781  0.782  0.782
 254   9   9 port7_low                0.711  0.711  0.711  0.723  0.795  0.798  0.875  0.879  0.879  0.880  0.880  0.882
 255   9   9 port8_2                  0.846  0.848  0.849  0.849  0.853  0.853  0.881  0.881  0.881  0.884  0.884  0.885
 256   9   9 port8_3                  0.804  0.805  0.806  0.806  0.809  0.809  0.822  0.822  0.824  0.824  0.824  0.825
 257   9   9 port8_4                  0.813  0.813  0.815  0.815  0.827  0.835  0.838  0.838  0.838  0.840  0.840  0.841
 258   9   9 port8_5                  0.780  0.780  0.786  0.787  0.810  0.814  0.815  0.819  0.820  0.823  0.826  0.826
 259   9   9 port8_6                  0.788  0.788  0.793  0.798  0.828  0.838  0.838  0.842  0.842  0.842  0.843  0.843
 260   9   9 port8_7                  0.731  0.731  0.735  0.742  0.778  0.787  0.787  0.789  0.789  0.790  0.790  0.794
 261   9   9 port8_8                  0.683  0.684  0.686  0.699  0.734  0.742  0.747  0.751  0.752  0.753  0.761  0.763
 262   9   9 port8_9                  0.684  0.685  0.691  0.698  0.747  0.755  0.760  0.762  0.763  0.764  0.765  0.766
 263   9   9 port8_high               0.561  0.564  0.564  0.564  0.595  0.602  0.609  0.616  0.617  0.626  0.627  0.627
 264   9   9 port8_low                0.749  0.749  0.749  0.760  0.797  0.797  0.891  0.894  0.895  0.895  0.895  0.895
 265   9   9 port9_2                  0.797  0.798  0.801  0.801  0.803  0.808  0.865  0.867  0.867  0.867  0.867  0.868
 266   9   9 port9_3                  0.811  0.811  0.814  0.816  0.820  0.834  0.861  0.863  0.864  0.864  0.864  0.864
 267   9   9 port9_4                  0.773  0.773  0.775  0.780  0.801  0.817  0.837  0.847  0.847  0.847  0.849  0.850
 268   9   9 port9_5                  0.746  0.747  0.753  0.759  0.795  0.820  0.832  0.841  0.841  0.841  0.843  0.843
 269   9   9 port9_6                  0.746  0.746  0.753  0.762  0.802  0.820  0.824  0.832  0.832  0.832  0.832  0.832
 270   9   9 port9_7                  0.716  0.717  0.724  0.738  0.780  0.799  0.799  0.801  0.802  0.802  0.802  0.802
 271   9   9 port9_8                  0.673  0.673  0.678  0.683  0.773  0.804  0.804  0.811  0.811  0.811  0.811  0.812
 272   9   9 port9_high               0.421  0.421  0.424  0.424  0.499  0.514  0.521  0.530  0.533  0.544  0.545  0.545
 273   9   9 port9_low                0.609  0.609  0.611  0.612  0.621  0.632  0.849  0.850  0.850  0.851  0.852  0.856
 274   9   9 portl_2                  0.724  0.725  0.729  0.731  0.732  0.744  0.860  0.861  0.861  0.861  0.862  0.865
 275   9   9 portl_3                  0.684  0.686  0.692  0.699  0.705  0.723  0.812  0.812  0.812  0.814  0.816  0.817
 276   9   9 portl_4                  0.644  0.646  0.654  0.658  0.687  0.715  0.761  0.764  0.766  0.766  0.768  0.768
 277   9   9 portl_5                  0.591  0.591  0.599  0.610  0.642  0.674  0.705  0.708  0.708  0.709  0.710  0.710
 278   9   9 portl_6                  0.550  0.551  0.563  0.568  0.595  0.617  0.645  0.646  0.648  0.648  0.649  0.649
 279   9   9 portl_7                  0.500  0.501  0.513  0.540  0.625  0.648  0.661  0.674  0.676  0.676  0.678  0.681

 Marginal R2

   1   1   5 PI                       0.010  0.136  0.001  0.022  0.000  0.015  0.008  0.001  0.001  0.004  0.006  0.001
   2   1   5 PI less transfers        0.008  0.335  0.005  0.033  0.000  0.027  0.006  0.001  0.000  0.014  0.008  0.002
   3   4   5 Real Consumption         0.019  0.086  0.034  0.003  0.004  0.041  0.004  0.013  0.002  0.013  0.115  0.083
   4   4   5 M&T sales                0.017  0.317  0.049  0.016  0.000  0.035  0.001  0.040  0.001  0.060  0.014  0.065
   5   4   5 Retail sales             0.016  0.078  0.058  0.001  0.001  0.076  0.000  0.027  0.014  0.027  0.125  0.050
   6   1   5 IP: total                0.000  0.738  0.020  0.014  0.000  0.002  0.005  0.034  0.097  0.001  0.000  0.005
   7   1   5 IP: products             0.000  0.656  0.027  0.008  0.000  0.011  0.004  0.046  0.132  0.008  0.001  0.000
   8   1   5 IP: final prod           0.001  0.564  0.023  0.012  0.000  0.012  0.003  0.049  0.196  0.007  0.001  0.000
   9   1   5 IP: cons gds             0.000  0.357  0.068  0.011  0.000  0.005  0.005  0.075  0.225  0.026  0.001  0.010
  10   1   5 IP: cons dble            0.001  0.338  0.059  0.027  0.000  0.001  0.000  0.062  0.133  0.002  0.039  0.000
  11   1   5 IP: cons nondble         0.004  0.117  0.021  0.000  0.001  0.007  0.007  0.032  0.137  0.045  0.057  0.017
  12   1   5 IP: bus eqpt             0.001  0.499  0.001  0.006  0.004  0.012  0.002  0.005  0.062  0.012  0.001  0.014
  13   1   5 IP: matls                0.000  0.572  0.011  0.014  0.000  0.000  0.003  0.016  0.046  0.001  0.002  0.014
  14   1   5 IP: dble matls           0.000  0.604  0.018  0.005  0.003  0.000  0.000  0.006  0.039  0.003  0.029  0.012
  15   1   5 IP: nondble matls        0.000  0.306  0.012  0.004  0.004  0.000  0.007  0.028  0.002  0.000  0.004  0.009
  16   1   5 IP: mfg                  0.000  0.767  0.028  0.011  0.001  0.004  0.004  0.035  0.061  0.000  0.003  0.009
  17   1   5 IP: res util             0.002  0.000  0.000  0.002  0.005  0.011  0.000  0.000  0.108  0.023  0.044  0.053
  18   1   5 IP: fuels                0.003  0.008  0.003  0.001  0.001  0.014  0.001  0.007  0.001  0.000  0.001  0.020
  19   1   1 NAPM prodn               0.000  0.596  0.004  0.001  0.004  0.056  0.002  0.114  0.000  0.009  0.001  0.009
  20   1   2 Cap util                 0.000  0.686  0.062  0.015  0.001  0.001  0.003  0.034  0.075  0.001  0.005  0.019
  21   2   2 Help wanted indx         0.000  0.224  0.030  0.000  0.000  0.003  0.002  0.011  0.001  0.001  0.046  0.019
  22   2   2 Help wanted/unemp        0.003  0.309  0.024  0.000  0.000  0.008  0.000  0.034  0.000  0.000  0.055  0.062
  23   2   5 Emp CPS total            0.002  0.272  0.002  0.003  0.001  0.022  0.001  0.004  0.091  0.003  0.004  0.008
  24   2   5 Emp CPS nonag            0.003  0.294  0.004  0.002  0.000  0.020  0.001  0.007  0.076  0.003  0.003  0.006
  25   2   2 U: all                   0.000  0.382  0.000  0.000  0.001  0.005  0.000  0.028  0.006  0.001  0.022  0.048
  26   2   2 U: mean duration         0.000  0.017  0.053  0.008  0.000  0.014  0.004  0.048  0.001  0.005  0.086  0.009
  27   2   5 U < 5 wks                0.000  0.027  0.018  0.001  0.000  0.013  0.002  0.002  0.002  0.000  0.107  0.026
  28   2   5 U 5-14 wks               0.004  0.100  0.002  0.000  0.001  0.003  0.000  0.003  0.000  0.001  0.000  0.002
  29   2   5 U 15+ wks                0.000  0.218  0.021  0.002  0.001  0.004  0.001  0.144  0.001  0.000  0.011  0.027
  30   2   5 U 15-26 wks              0.000  0.111  0.001  0.001  0.002  0.000  0.000  0.054  0.002  0.001  0.002  0.019
  31   2   5 U 27+ wks                0.000  0.118  0.031  0.001  0.000  0.009  0.000  0.097  0.011  0.002  0.011  0.008
  32   2   5 UI claims                0.017  0.183  0.067  0.013  0.007  0.000  0.001  0.019  0.005  0.009  0.019  0.008
  33   2   5 Emp: total               0.000  0.731  0.025  0.003  0.016  0.022  0.002  0.012  0.027  0.011  0.002  0.001
  34   2   5 Emp: gds prod            0.000  0.760  0.019  0.000  0.011  0.013  0.001  0.011  0.007  0.009  0.001  0.004
  35   2   5 Emp: mining              0.001  0.010  0.036  0.002  0.002  0.004  0.000  0.001  0.000  0.001  0.000  0.008
  36   2   5 Emp: const               0.000  0.288  0.002  0.002  0.009  0.053  0.023  0.002  0.155  0.008  0.000  0.011
  37   2   5 Emp: mfg                 0.001  0.725  0.029  0.000  0.007  0.001  0.000  0.024  0.007  0.006  0.002  0.000
  38   2   5 Emp: dble gds            0.001  0.669  0.028  0.000  0.004  0.000  0.001  0.022  0.014  0.003  0.008  0.000
  39   2   5 Emp: nondbles            0.000  0.475  0.015  0.001  0.011  0.007  0.000  0.018  0.002  0.019  0.016  0.000
  40   2   5 Emp: services            0.000  0.383  0.072  0.009  0.019  0.025  0.001  0.015  0.042  0.021  0.048  0.018
  41   2   5 Emp: TTU                 0.000  0.448  0.049  0.010  0.019  0.023  0.000  0.017  0.099  0.008  0.017  0.015
  42   2   5 Emp: wholesale           0.002  0.425  0.116  0.028  0.007  0.013  0.002  0.032  0.034  0.005  0.003  0.001
  43   2   5 Emp: retail              0.000  0.318  0.016  0.005  0.012  0.026  0.001  0.007  0.117  0.018  0.016  0.016
  44   2   5 Emp: FIRE                0.002  0.175  0.073  0.003  0.007  0.037  0.000  0.000  0.044  0.020  0.008  0.031
  45   2   5 Emp: Govt                0.001  0.003  0.041  0.000  0.005  0.000  0.000  0.005  0.001  0.011  0.081  0.001
  46   2   5 Agg wkly hours           0.002  0.462  0.005  0.000  0.015  0.030  0.010  0.038  0.011  0.010  0.002  0.074
  47   2   1 Avg hrs                  0.000  0.137  0.052  0.001  0.002  0.059  0.010  0.161  0.001  0.004  0.002  0.188
  48   2   2 Overtime: mfg            0.000  0.123  0.038  0.000  0.006  0.000  0.002  0.041  0.012  0.000  0.005  0.046
  49   2   1 Avg hrs: mfg             0.001  0.162  0.052  0.003  0.000  0.024  0.003  0.159  0.004  0.005  0.001  0.171
  50   2   1 NAPM empl                0.011  0.501  0.113  0.010  0.003  0.012  0.001  0.121  0.000  0.008  0.001  0.015
  51   3   4 Housing Starts: nonfarm  0.005  0.021  0.119  0.004  0.000  0.119  0.005  0.034  0.231  0.002  0.044  0.014
  52   3   4 Housing Starts: NE       0.001  0.006  0.017  0.000  0.002  0.026  0.004  0.025  0.085  0.001  0.003  0.036
  53   3   4 Housing Starts: MW       0.002  0.007  0.030  0.007  0.001  0.058  0.004  0.010  0.152  0.001  0.029  0.012
  54   3   4 Housing Starts: South    0.004  0.016  0.074  0.006  0.000  0.070  0.007  0.027  0.119  0.005  0.021  0.012
  55   3   4 Housing Starts: West     0.003  0.004  0.054  0.001  0.000  0.020  0.001  0.001  0.017  0.001  0.021  0.008
  56   3   4 BP: total                0.010  0.024  0.231  0.000  0.001  0.056  0.014  0.052  0.146  0.004  0.008  0.015
  57   3   4 BP: NE                   0.000  0.014  0.054  0.000  0.000  0.021  0.010  0.027  0.049  0.001  0.003  0.000
  58   3   4 BP: MW                   0.006  0.008  0.105  0.000  0.004  0.085  0.011  0.030  0.159  0.001  0.009  0.003
  59   3   4 BP: South                0.005  0.016  0.160  0.001  0.004  0.016  0.014  0.035  0.092  0.001  0.005  0.007
  60   3   4 BP: West                 0.011  0.005  0.070  0.004  0.002  0.010  0.000  0.002  0.009  0.002  0.000  0.056
  61   4   1 PMI                      0.007  0.601  0.055  0.007  0.005  0.027  0.004  0.126  0.000  0.014  0.002  0.012
  62   4   1 NAPM new ordrs           0.000  0.594  0.000  0.001  0.003  0.062  0.006  0.096  0.000  0.010  0.000  0.008
  63   4   1 NAPM vendor del          0.028  0.214  0.146  0.017  0.008  0.001  0.005  0.058  0.000  0.045  0.001  0.017
  64   4   1 NAPM Invent              0.017  0.210  0.232  0.019  0.008  0.000  0.002  0.090  0.001  0.007  0.006  0.016
  65   4   5 Orders: cons gds         0.011  0.252  0.069  0.005  0.000  0.000  0.000  0.034  0.003  0.037  0.010  0.081
  66   4   5 Orders: dble gds         0.002  0.145  0.023  0.011  0.000  0.001  0.000  0.004  0.013  0.104  0.004  0.185
  67   4   5 Orders: cap gds          0.001  0.029  0.000  0.008  0.003  0.001  0.002  0.000  0.006  0.047  0.001  0.102
  68   4   5 Unf orders: dble         0.002  0.230  0.081  0.009  0.000  0.001  0.001  0.044  0.004  0.034  0.000  0.038
  69   4   5 M&T invent               0.004  0.141  0.175  0.002  0.015  0.004  0.010  0.114  0.000  0.003  0.005  0.006
  70   4   2 M&T invent/sales         0.023  0.161  0.147  0.018  0.002  0.023  0.000  0.109  0.001  0.071  0.007  0.075
  71   5   6 M1                       0.001  0.005  0.000  0.001  0.025  0.002  0.006  0.041  0.000  0.051  0.220  0.031
  72   5   6 M2                       0.001  0.004  0.000  0.001  0.024  0.014  0.000  0.040  0.000  0.081  0.219  0.017
  73   5   6 Currency                 0.000  0.000  0.000  0.002  0.029  0.010  0.000  0.008  0.007  0.004  0.027  0.013
  74   5   5 M2 (real)                0.002  0.001  0.086  0.050  0.003  0.002  0.003  0.042  0.000  0.084  0.011  0.053
  75   5   6 MB                       0.000  0.000  0.024  0.101  0.000  0.009  0.014  0.008  0.004  0.166  0.091  0.006
  76   5   6 Reserves tot             0.002  0.000  0.006  0.013  0.004  0.008  0.023  0.010  0.003  0.231  0.222  0.010
  77   5   6 Reserves nonbor          0.001  0.000  0.000  0.002  0.000  0.002  0.000  0.001  0.000  0.008  0.001  0.000
  78   5   6 C&I loan plus            0.002  0.016  0.004  0.005  0.003  0.009  0.002  0.001  0.011  0.030  0.044  0.002
  79   5   1 DC&I loans               0.018  0.010  0.085  0.000  0.004  0.008  0.016  0.006  0.003  0.090  0.011  0.001
  80   5   6 Cons credit              0.000  0.006  0.014  0.003  0.000  0.010  0.012  0.010  0.037  0.000  0.015  0.000
  81   5   2 Inst cred/PI             0.011  0.000  0.001  0.001  0.002  0.005  0.001  0.046  0.035  0.002  0.061  0.039
  82   8   5 S&P 500                  0.525  0.003  0.016  0.010  0.003  0.001  0.001  0.000  0.002  0.030  0.000  0.056
  83   8   5 S&P: indust              0.505  0.003  0.019  0.016  0.000  0.001  0.003  0.000  0.002  0.034  0.000  0.057
  84   8   2 S&P div yield            0.459  0.000  0.050  0.002  0.005  0.004  0.002  0.000  0.001  0.019  0.000  0.058
  85   8   5 S&P PE ratio             0.309  0.020  0.065  0.000  0.000  0.000  0.000  0.011  0.000  0.034  0.000  0.058
  86   6   2 Fed Funds                0.021  0.160  0.059  0.030  0.088  0.078  0.000  0.053  0.005  0.014  0.001  0.001
  87   6   2 Comm paper               0.046  0.166  0.046  0.026  0.154  0.198  0.001  0.068  0.014  0.004  0.003  0.001
  88   6   2 3 mo T-bill              0.024  0.151  0.022  0.043  0.187  0.227  0.005  0.067  0.029  0.013  0.001  0.002
  89   6   2 6 mo T-bill              0.039  0.169  0.019  0.042  0.214  0.250  0.008  0.066  0.036  0.009  0.004  0.002
  90   6   2 1 yr T-bond              0.038  0.165  0.016  0.041  0.238  0.264  0.015  0.065  0.044  0.008  0.007  0.002
  91   6   2 5 yr T-bond              0.029  0.102  0.011  0.055  0.228  0.236  0.033  0.069  0.048  0.005  0.008  0.000
  92   6   2 10 yr T-bond             0.031  0.073  0.011  0.046  0.214  0.211  0.030  0.059  0.043  0.004  0.014  0.001
  93   6   2 Aaa bond                 0.056  0.056  0.043  0.026  0.195  0.206  0.012  0.055  0.020  0.000  0.014  0.002
  94   6   2 Baa bond                 0.079  0.022  0.114  0.002  0.183  0.138  0.005  0.046  0.007  0.020  0.011  0.009
  95   6   1 CP-FF spread             0.001  0.006  0.169  0.028  0.041  0.138  0.001  0.087  0.000  0.020  0.027  0.013
  96   6   1 3 mo-FF spread           0.010  0.073  0.355  0.030  0.013  0.152  0.000  0.129  0.006  0.002  0.019  0.005
  97   6   1 6 mo-FF spread           0.006  0.077  0.365  0.034  0.013  0.151  0.000  0.160  0.008  0.005  0.025  0.006
  98   6   1 1 yr-FF spread           0.007  0.080  0.367  0.037  0.015  0.142  0.000  0.129  0.017  0.016  0.026  0.002
  99   6   1 5 yr-FF spread           0.010  0.025  0.559  0.063  0.001  0.105  0.000  0.128  0.008  0.003  0.015  0.012
 100   6   1 10 yr-FF spread          0.011  0.013  0.574  0.064  0.001  0.100  0.000  0.127  0.004  0.000  0.008  0.018
 101   6   1 Aaa-FF spread            0.009  0.000  0.589  0.067  0.001  0.088  0.000  0.103  0.001  0.000  0.003  0.023
 102   6   1 Baa-FF spread            0.011  0.009  0.591  0.066  0.001  0.070  0.000  0.065  0.000  0.000  0.002  0.018
 103   6   5 Ex rate: avg             0.020  0.000  0.006  0.008  0.073  0.008  0.029  0.103  0.007  0.247  0.100  0.021
 104   6   5 Ex rate: Switz           0.001  0.006  0.004  0.004  0.076  0.024  0.041  0.085  0.000  0.128  0.102  0.043
 105   6   5 Ex rate: Japan           0.000  0.001  0.017  0.000  0.035  0.020  0.039  0.090  0.000  0.060  0.073  0.017
 106   6   5 Ex rate: UK              0.002  0.000  0.002  0.010  0.057  0.008  0.020  0.045  0.006  0.168  0.094  0.041
 107   6   5 EX rate: Canada          0.057  0.001  0.003  0.051  0.028  0.000  0.000  0.021  0.000  0.180  0.010  0.000
 108   7   6 PPI: fin gds             0.000  0.000  0.033  0.405  0.061  0.006  0.001  0.001  0.001  0.009  0.001  0.002
 109   7   6 PPI: cons gds            0.000  0.001  0.036  0.420  0.065  0.007  0.000  0.001  0.001  0.007  0.006  0.001
 110   7   6 PPI: int mat値s          0.000  0.001  0.044  0.377  0.081  0.004  0.002  0.000  0.000  0.001  0.001  0.000
 111   7   6 PPI: crude mat値s        0.000  0.000  0.021  0.221  0.035  0.003  0.003  0.003  0.016  0.001  0.002  0.001
 112   7   6 Spot market price        0.006  0.000  0.014  0.063  0.032  0.003  0.002  0.000  0.002  0.024  0.000  0.005
 113   7   6 PPI: nonferrous          0.001  0.000  0.023  0.040  0.028  0.005  0.010  0.007  0.002  0.060  0.004  0.001
 114   7   1 NAPM com price           0.014  0.103  0.262  0.024  0.000  0.000  0.010  0.023  0.002  0.022  0.001  0.046
 115   7   6 CPI-U: all               0.004  0.001  0.056  0.608  0.075  0.010  0.000  0.003  0.003  0.023  0.001  0.000
 116   7   6 CPI-U: apparel           0.000  0.002  0.005  0.019  0.001  0.001  0.000  0.003  0.006  0.004  0.002  0.015
 117   7   6 CPI-U: transp            0.000  0.000  0.055  0.515  0.079  0.006  0.000  0.003  0.000  0.010  0.000  0.000
 118   7   6 CPI-U: medical           0.000  0.000  0.000  0.001  0.001  0.003  0.000  0.000  0.006  0.008  0.001  0.003
 119   7   6 CPI-U: comm.             0.002  0.000  0.071  0.642  0.089  0.008  0.000  0.005  0.000  0.028  0.000  0.000
 120   7   6 CPI-U: dbles             0.000  0.001  0.001  0.026  0.002  0.003  0.000  0.005  0.004  0.003  0.002  0.000
 121   7   6 CPI-U: services          0.003  0.007  0.000  0.024  0.000  0.007  0.001  0.000  0.021  0.000  0.001  0.000
 122   7   6 CPI-U: ex food           0.000  0.001  0.037  0.490  0.065  0.013  0.000  0.002  0.007  0.013  0.000  0.003
 123   7   6 CPI-U: ex shelter        0.004  0.000  0.071  0.622  0.073  0.008  0.000  0.006  0.001  0.019  0.000  0.000
 124   7   6 CPI-U: ex med            0.003  0.002  0.052  0.569  0.077  0.012  0.001  0.006  0.004  0.026  0.003  0.000
 125   7   6 PCE defl                 0.000  0.000  0.057  0.553  0.054  0.004  0.000  0.003  0.001  0.000  0.004  0.000
 126   7   6 PCE defl: dlbes          0.000  0.001  0.002  0.030  0.001  0.001  0.000  0.000  0.000  0.007  0.001  0.002
 127   7   6 PCE defl: nondble        0.002  0.000  0.073  0.620  0.093  0.006  0.000  0.005  0.000  0.022  0.001  0.000
 128   7   6 PCE defl: service        0.002  0.000  0.001  0.027  0.000  0.000  0.002  0.001  0.003  0.048  0.017  0.000
 129   2   6 AHE: goods               0.000  0.000  0.000  0.000  0.001  0.000  0.004  0.014  0.041  0.001  0.130  0.015
 130   2   6 AHE: const               0.000  0.016  0.004  0.001  0.003  0.016  0.011  0.040  0.033  0.002  0.013  0.017
 131   2   6 AHE: mfg                 0.001  0.005  0.002  0.001  0.002  0.001  0.002  0.000  0.054  0.000  0.160  0.003
 132   4   2 Consumer expect          0.047  0.000  0.011  0.003  0.012  0.005  0.024  0.000  0.002  0.001  0.000  0.023
 133   9   9 D_log(DIV)               0.001  0.001  0.001  0.000  0.000  0.002  0.006  0.003  0.007  0.009  0.001  0.073
 134   9   9 D_log(P)                 0.918  0.000  0.002  0.000  0.000  0.004  0.049  0.000  0.000  0.000  0.001  0.000
 135   9   9 D_DIVreinvested          0.001  0.000  0.001  0.000  0.000  0.002  0.006  0.003  0.007  0.009  0.001  0.073
 136   9   9 D_Preinvested            0.919  0.000  0.002  0.000  0.000  0.004  0.050  0.000  0.000  0.000  0.001  0.000
 137   9   9 d-p                      0.001  0.002  0.044  0.005  0.000  0.034  0.000  0.025  0.011  0.015  0.001  0.000
 138   9   9 R15-R11                  0.095  0.002  0.000  0.088  0.333  0.053  0.108  0.026  0.006  0.001  0.001  0.000
 139   9   9 CP factor                0.007  0.004  0.208  0.030  0.019  0.000  0.005  0.014  0.016  0.005  0.002  0.000
 140   9   9 Mkt-RF                   0.915  0.000  0.000  0.000  0.000  0.006  0.052  0.001  0.000  0.000  0.000  0.000
 141   9   9 SMB                      0.256  0.000  0.024  0.047  0.203  0.134  0.254  0.019  0.005  0.000  0.001  0.006
 142   9   9 HML                      0.035  0.004  0.002  0.065  0.381  0.026  0.393  0.026  0.008  0.000  0.000  0.001
 143   9   9 UMD                      0.035  0.004  0.002  0.065  0.381  0.026  0.393  0.026  0.008  0.000  0.000  0.001
 144   9   9 Agric                    0.433  0.000  0.003  0.008  0.000  0.001  0.000  0.001  0.000  0.000  0.001  0.000
 145   9   9 Food                     0.496  0.010  0.003  0.013  0.035  0.009  0.045  0.003  0.000  0.011  0.001  0.002
 146   9   9 Beer                     0.431  0.007  0.002  0.004  0.017  0.004  0.038  0.000  0.004  0.002  0.000  0.001
 147   9   9 Smoke                    0.246  0.011  0.011  0.002  0.034  0.011  0.024  0.002  0.000  0.010  0.001  0.000
 148   9   9 Toys                     0.590  0.001  0.000  0.000  0.006  0.003  0.000  0.000  0.000  0.000  0.000  0.001
 149   9   9 Fun                      0.690  0.000  0.000  0.002  0.003  0.005  0.001  0.000  0.001  0.000  0.001  0.001
 150   9   9 Books                    0.707  0.000  0.000  0.002  0.002  0.002  0.006  0.003  0.001  0.000  0.000  0.003
 151   9   9 Hshld                    0.553  0.001  0.000  0.010  0.002  0.014  0.079  0.000  0.001  0.006  0.000  0.008
 152   9   9 Clths                    0.720  0.001  0.000  0.007  0.000  0.007  0.004  0.006  0.000  0.002  0.000  0.005
 153   9   9 MedEq                    0.547  0.002  0.002  0.006  0.003  0.001  0.070  0.000  0.001  0.006  0.000  0.000
 154   9   9 Drugs                    0.416  0.002  0.009  0.000  0.000  0.005  0.187  0.000  0.003  0.004  0.001  0.010
 155   9   9 Chems                    0.702  0.001  0.005  0.006  0.021  0.022  0.015  0.009  0.000  0.007  0.002  0.000
 156   9   9 Rubbr                    0.761  0.001  0.000  0.001  0.001  0.000  0.006  0.001  0.001  0.000  0.000  0.000
 157   9   9 Txtls                    0.646  0.000  0.000  0.014  0.003  0.002  0.039  0.006  0.003  0.000  0.005  0.003
 158   9   9 BldMt                    0.796  0.000  0.002  0.005  0.018  0.004  0.000  0.000  0.001  0.001  0.000  0.001
 159   9   9 Cnstr                    0.728  0.000  0.000  0.000  0.001  0.000  0.000  0.001  0.000  0.001  0.000  0.001
 160   9   9 Steel                    0.654  0.007  0.004  0.014  0.001  0.002  0.000  0.001  0.001  0.024  0.000  0.005
 161   9   9 Mach                     0.801  0.004  0.002  0.001  0.000  0.005  0.007  0.000  0.000  0.012  0.000  0.002
 162   9   9 ElcEq                    0.721  0.000  0.003  0.000  0.000  0.010  0.032  0.000  0.002  0.000  0.000  0.000
 163   9   9 Autos                    0.604  0.001  0.000  0.004  0.011  0.015  0.001  0.008  0.005  0.006  0.000  0.003
 164   9   9 Aero                     0.621  0.002  0.000  0.003  0.001  0.013  0.002  0.002  0.006  0.001  0.003  0.000
 165   9   9 Ships                    0.512  0.002  0.006  0.001  0.013  0.026  0.000  0.004  0.004  0.000  0.000  0.000
 166   9   9 Mines                    0.527  0.004  0.001  0.005  0.007  0.003  0.000  0.005  0.000  0.033  0.002  0.001
 167   9   9 Coal                     0.325  0.000  0.001  0.007  0.003  0.000  0.001  0.006  0.000  0.032  0.000  0.005
 168   9   9 Oil                      0.393  0.004  0.003  0.003  0.041  0.031  0.020  0.002  0.000  0.003  0.000  0.001
 169   9   9 Util                     0.366  0.001  0.003  0.022  0.121  0.010  0.013  0.009  0.005  0.000  0.008  0.002
 170   9   9 Telcm                    0.454  0.000  0.012  0.002  0.007  0.003  0.049  0.000  0.002  0.004  0.002  0.000
 171   9   9 PerSv                    0.594  0.002  0.000  0.001  0.003  0.000  0.001  0.000  0.000  0.012  0.000  0.001
 172   9   9 BusSv                    0.849  0.000  0.001  0.001  0.011  0.000  0.009  0.000  0.000  0.001  0.000  0.000
 173   9   9 Hardw                    0.501  0.001  0.000  0.015  0.053  0.000  0.075  0.009  0.000  0.006  0.001  0.000
 174   9   9 Chips                    0.664  0.000  0.000  0.011  0.050  0.000  0.035  0.002  0.000  0.000  0.000  0.004
 175   9   9 LabEq                    0.690  0.001  0.001  0.015  0.053  0.000  0.027  0.005  0.000  0.003  0.001  0.000
 176   9   9 Paper                    0.645  0.001  0.005  0.006  0.028  0.021  0.003  0.002  0.000  0.001  0.001  0.000
 177   9   9 Boxes                    0.572  0.000  0.002  0.004  0.005  0.013  0.037  0.002  0.000  0.003  0.000  0.000
 178   9   9 Trans                    0.736  0.000  0.003  0.013  0.004  0.003  0.001  0.001  0.001  0.000  0.000  0.001
 179   9   9 Whlsl                    0.819  0.000  0.000  0.001  0.002  0.000  0.000  0.001  0.000  0.002  0.001  0.000
 180   9   9 Rtail                    0.676  0.005  0.000  0.007  0.000  0.001  0.022  0.005  0.000  0.014  0.000  0.003
 181   9   9 Meals                    0.656  0.003  0.000  0.006  0.000  0.001  0.006  0.001  0.001  0.005  0.000  0.005
 182   9   9 Banks                    0.604  0.000  0.009  0.026  0.046  0.015  0.005  0.007  0.003  0.012  0.000  0.001
 183   9   9 Insur                    0.574  0.000  0.008  0.021  0.051  0.014  0.016  0.003  0.000  0.002  0.000  0.001
 184   9   9 RlEst                    0.664  0.001  0.004  0.001  0.004  0.001  0.047  0.000  0.001  0.000  0.000  0.000
 185   9   9 Fin                      0.769  0.000  0.001  0.000  0.000  0.002  0.015  0.000  0.000  0.000  0.000  0.000
 186   9   9 Other                    0.592  0.001  0.003  0.001  0.002  0.001  0.005  0.002  0.000  0.004  0.003  0.001
 187   9   9 ports_2                  0.648  0.000  0.003  0.042  0.085  0.034  0.012  0.007  0.000  0.002  0.000  0.000
 188   9   9 ports_4                  0.661  0.001  0.004  0.017  0.048  0.019  0.035  0.005  0.002  0.000  0.002  0.002
 189   9   9 ports_5                  0.739  0.001  0.006  0.013  0.039  0.023  0.045  0.002  0.000  0.000  0.000  0.000
 190   9   9 ports_6                  0.692  0.000  0.007  0.016  0.045  0.030  0.057  0.011  0.004  0.001  0.000  0.000
 191   9   9 ports_7                  0.749  0.001  0.009  0.010  0.023  0.015  0.077  0.003  0.000  0.000  0.000  0.000
 192   9   9 ports_8                  0.747  0.002  0.008  0.009  0.019  0.014  0.082  0.002  0.001  0.000  0.002  0.000
 193   9   9 ports_9                  0.780  0.002  0.008  0.006  0.011  0.015  0.085  0.002  0.000  0.000  0.000  0.000
 194   9   9 ports_high               0.742  0.005  0.006  0.009  0.002  0.005  0.120  0.000  0.000  0.002  0.001  0.000
 195   9   9 ports_low                0.713  0.000  0.002  0.029  0.107  0.019  0.000  0.009  0.001  0.000  0.000  0.000
 196   9   9 port2_2                  0.693  0.000  0.001  0.023  0.080  0.034  0.003  0.011  0.002  0.002  0.001  0.000
 197   9   9 port2_3                  0.749  0.000  0.001  0.014  0.063  0.014  0.010  0.003  0.002  0.004  0.000  0.001
 198   9   9 port2_4                  0.709  0.000  0.004  0.013  0.061  0.031  0.031  0.008  0.003  0.000  0.000  0.001
 199   9   9 port2_5                  0.823  0.000  0.001  0.004  0.012  0.008  0.022  0.002  0.000  0.004  0.001  0.001
 200   9   9 port2_6                  0.813  0.000  0.003  0.003  0.008  0.013  0.043  0.000  0.000  0.002  0.000  0.001
 201   9   9 port2_7                  0.790  0.000  0.000  0.001  0.006  0.012  0.048  0.003  0.002  0.003  0.002  0.000
 202   9   9 port2_8                  0.798  0.000  0.000  0.000  0.006  0.009  0.058  0.002  0.001  0.001  0.002  0.001
 203   9   9 port2_9                  0.811  0.000  0.000  0.000  0.000  0.005  0.074  0.000  0.000  0.001  0.001  0.000
 204   9   9 port2_high               0.769  0.005  0.000  0.003  0.000  0.003  0.100  0.001  0.000  0.000  0.000  0.000
 205   9   9 port2_low                0.734  0.000  0.000  0.029  0.092  0.019  0.002  0.008  0.002  0.000  0.000  0.001
 206   9   9 port3_2                  0.779  0.000  0.000  0.013  0.069  0.014  0.000  0.002  0.000  0.000  0.001  0.003
 207   9   9 port3_3                  0.803  0.000  0.000  0.008  0.034  0.008  0.002  0.005  0.002  0.001  0.001  0.001
 208   9   9 port3_4                  0.831  0.001  0.000  0.001  0.014  0.001  0.014  0.001  0.001  0.000  0.000  0.001
 209   9   9 port3_5                  0.838  0.000  0.000  0.002  0.008  0.004  0.020  0.002  0.001  0.001  0.000  0.000
 210   9   9 port3_6                  0.818  0.000  0.000  0.002  0.003  0.007  0.031  0.001  0.000  0.001  0.000  0.003
 211   9   9 port3_7                  0.815  0.001  0.000  0.000  0.000  0.002  0.043  0.000  0.000  0.002  0.000  0.000
 212   9   9 port3_8                  0.817  0.001  0.000  0.000  0.005  0.002  0.053  0.000  0.001  0.002  0.000  0.000
 213   9   9 port3_9                  0.750  0.002  0.000  0.000  0.001  0.010  0.073  0.004  0.001  0.003  0.000  0.001
 214   9   9 port3_high               0.750  0.001  0.001  0.000  0.009  0.000  0.074  0.001  0.001  0.002  0.000  0.002
 215   9   9 port3_low                0.737  0.000  0.001  0.022  0.103  0.011  0.008  0.006  0.002  0.002  0.000  0.000
 216   9   9 port4_2                  0.822  0.000  0.001  0.002  0.039  0.008  0.000  0.001  0.001  0.000  0.000  0.000
 217   9   9 port4_3                  0.827  0.000  0.000  0.003  0.017  0.008  0.005  0.001  0.000  0.000  0.000  0.000
 218   9   9 port4_4                  0.813  0.000  0.000  0.004  0.022  0.013  0.010  0.001  0.000  0.000  0.000  0.001
 219   9   9 port4_5                  0.834  0.000  0.000  0.000  0.000  0.000  0.015  0.000  0.000  0.002  0.000  0.000
 220   9   9 port4_6                  0.823  0.000  0.000  0.000  0.001  0.002  0.026  0.002  0.000  0.001  0.000  0.001
 221   9   9 port4_7                  0.819  0.000  0.001  0.001  0.003  0.002  0.019  0.000  0.000  0.001  0.001  0.001
 222   9   9 port4_8                  0.765  0.000  0.000  0.000  0.001  0.007  0.033  0.000  0.000  0.000  0.000  0.002
 223   9   9 port4_9                  0.765  0.000  0.001  0.001  0.003  0.003  0.042  0.000  0.000  0.007  0.001  0.002
 224   9   9 port4_high               0.693  0.001  0.002  0.000  0.002  0.000  0.064  0.002  0.001  0.001  0.000  0.001
 225   9   9 port4_low                0.735  0.000  0.000  0.017  0.090  0.017  0.016  0.007  0.002  0.000  0.000  0.000
 226   9   9 port5_2                  0.799  0.000  0.000  0.010  0.044  0.009  0.000  0.001  0.001  0.000  0.000  0.001
 227   9   9 port5_3                  0.838  0.000  0.000  0.003  0.013  0.002  0.000  0.000  0.000  0.001  0.000  0.000
 228   9   9 port5_4                  0.839  0.000  0.000  0.002  0.002  0.002  0.002  0.000  0.000  0.000  0.001  0.000
 229   9   9 port5_5                  0.845  0.000  0.001  0.001  0.001  0.000  0.005  0.000  0.000  0.001  0.000  0.000
 230   9   9 port5_6                  0.798  0.000  0.001  0.000  0.003  0.000  0.012  0.000  0.000  0.001  0.001  0.000
 231   9   9 port5_7                  0.803  0.000  0.000  0.001  0.011  0.000  0.026  0.002  0.000  0.001  0.002  0.001
 232   9   9 port5_8                  0.784  0.000  0.000  0.005  0.008  0.001  0.027  0.001  0.001  0.000  0.001  0.000
 233   9   9 port5_9                  0.750  0.000  0.001  0.008  0.017  0.001  0.036  0.003  0.001  0.000  0.001  0.003
 234   9   9 port5_high               0.719  0.000  0.004  0.001  0.009  0.000  0.045  0.001  0.000  0.001  0.000  0.002
 235   9   9 port5_low                0.722  0.000  0.000  0.018  0.084  0.010  0.034  0.009  0.001  0.000  0.000  0.002
 236   9   9 port6_2                  0.830  0.001  0.000  0.002  0.027  0.002  0.006  0.002  0.000  0.000  0.000  0.000
 237   9   9 port6_3                  0.831  0.001  0.000  0.000  0.004  0.000  0.000  0.001  0.000  0.001  0.000  0.001
 238   9   9 port6_4                  0.844  0.000  0.001  0.001  0.000  0.001  0.000  0.000  0.000  0.001  0.002  0.001
 239   9   9 port6_5                  0.827  0.000  0.000  0.001  0.001  0.000  0.003  0.000  0.001  0.000  0.000  0.001
 240   9   9 port6_6                  0.783  0.000  0.001  0.003  0.021  0.006  0.006  0.000  0.000  0.000  0.000  0.000
 241   9   9 port6_7                  0.792  0.000  0.002  0.005  0.024  0.005  0.005  0.002  0.000  0.000  0.000  0.000
 242   9   9 port6_8                  0.755  0.000  0.002  0.004  0.028  0.002  0.013  0.003  0.001  0.000  0.004  0.001
 243   9   9 port6_9                  0.704  0.000  0.002  0.003  0.015  0.000  0.030  0.000  0.001  0.001  0.003  0.000
 244   9   9 port6_high               0.599  0.000  0.001  0.002  0.002  0.004  0.040  0.000  0.000  0.000  0.001  0.000
 245   9   9 port6_low                0.706  0.000  0.000  0.016  0.081  0.008  0.052  0.006  0.001  0.000  0.001  0.001
 246   9   9 port7_2                  0.844  0.000  0.000  0.002  0.005  0.000  0.016  0.000  0.000  0.001  0.000  0.001
 247   9   9 port7_3                  0.848  0.001  0.000  0.001  0.002  0.006  0.003  0.000  0.000  0.000  0.001  0.000
 248   9   9 port7_4                  0.839  0.000  0.000  0.001  0.003  0.001  0.004  0.003  0.002  0.001  0.001  0.000
 249   9   9 port7_5                  0.825  0.000  0.002  0.001  0.008  0.008  0.000  0.002  0.001  0.000  0.000  0.000
 250   9   9 port7_6                  0.779  0.000  0.002  0.003  0.020  0.003  0.000  0.006  0.000  0.001  0.003  0.001
 251   9   9 port7_7                  0.770  0.000  0.000  0.000  0.005  0.000  0.003  0.001  0.000  0.001  0.001  0.004
 252   9   9 port7_8                  0.753  0.000  0.000  0.002  0.034  0.003  0.005  0.002  0.000  0.000  0.003  0.002
 253   9   9 port7_9                  0.699  0.001  0.004  0.012  0.037  0.005  0.015  0.002  0.004  0.001  0.001  0.000
 254   9   9 port7_low                0.711  0.000  0.000  0.011  0.072  0.003  0.077  0.004  0.001  0.001  0.000  0.002
 255   9   9 port8_2                  0.846  0.002  0.001  0.000  0.004  0.000  0.028  0.000  0.000  0.002  0.001  0.001
 256   9   9 port8_3                  0.804  0.001  0.001  0.000  0.003  0.000  0.013  0.000  0.002  0.000  0.000  0.001
 257   9   9 port8_4                  0.813  0.000  0.001  0.000  0.012  0.007  0.003  0.001  0.000  0.001  0.001  0.000
 258   9   9 port8_5                  0.780  0.000  0.005  0.001  0.023  0.004  0.001  0.005  0.001  0.003  0.003  0.000
 259   9   9 port8_6                  0.788  0.000  0.005  0.005  0.030  0.010  0.000  0.004  0.000  0.000  0.001  0.000
 260   9   9 port8_7                  0.731  0.000  0.004  0.007  0.035  0.009  0.000  0.002  0.001  0.000  0.000  0.004
 261   9   9 port8_8                  0.683  0.000  0.002  0.013  0.036  0.007  0.005  0.004  0.001  0.001  0.009  0.002
 262   9   9 port8_9                  0.684  0.001  0.006  0.006  0.050  0.007  0.005  0.002  0.001  0.001  0.001  0.002
 263   9   9 port8_high               0.561  0.003  0.000  0.000  0.031  0.006  0.008  0.007  0.001  0.009  0.001  0.000
 264   9   9 port8_low                0.749  0.000  0.000  0.011  0.037  0.000  0.094  0.003  0.001  0.000  0.000  0.000
 265   9   9 port9_2                  0.797  0.000  0.003  0.001  0.001  0.005  0.057  0.002  0.000  0.000  0.000  0.001
 266   9   9 port9_3                  0.811  0.000  0.003  0.002  0.005  0.014  0.027  0.002  0.001  0.000  0.000  0.000
 267   9   9 port9_4                  0.773  0.000  0.003  0.005  0.021  0.016  0.020  0.010  0.000  0.000  0.002  0.001
 268   9   9 port9_5                  0.746  0.001  0.007  0.006  0.037  0.025  0.012  0.008  0.000  0.001  0.001  0.000
 269   9   9 port9_6                  0.746  0.001  0.006  0.010  0.040  0.018  0.004  0.008  0.000  0.000  0.000  0.000
 270   9   9 port9_7                  0.716  0.000  0.008  0.014  0.043  0.018  0.000  0.002  0.000  0.000  0.000  0.000
 271   9   9 port9_8                  0.673  0.000  0.005  0.005  0.090  0.031  0.000  0.007  0.000  0.000  0.000  0.001
 272   9   9 port9_high               0.421  0.001  0.003  0.000  0.075  0.015  0.007  0.009  0.003  0.011  0.001  0.001
 273   9   9 port9_low                0.609  0.000  0.002  0.001  0.009  0.011  0.216  0.001  0.000  0.001  0.001  0.005
 274   9   9 portl_2                  0.724  0.000  0.005  0.001  0.001  0.012  0.116  0.001  0.000  0.000  0.001  0.003
 275   9   9 portl_3                  0.684  0.001  0.006  0.008  0.005  0.018  0.089  0.000  0.000  0.002  0.001  0.001
 276   9   9 portl_4                  0.644  0.002  0.008  0.004  0.029  0.028  0.046  0.004  0.001  0.000  0.002  0.000
 277   9   9 portl_5                  0.591  0.001  0.008  0.011  0.032  0.033  0.031  0.003  0.000  0.001  0.001  0.001
 278   9   9 portl_6                  0.550  0.001  0.012  0.005  0.027  0.022  0.028  0.001  0.002  0.000  0.001  0.000
 279   9   9 portl_7                  0.500  0.000  0.013  0.026  0.085  0.024  0.013  0.013  0.001  0.000  0.002  0.004

 Highest Marginal R2's

 Factor 1: total contribution = 0.3656 

 136   9   9 D_Preinvested            0.919
 134   9   9 D_log(P)                 0.918
 140   9   9 Mkt-RF                   0.915
 172   9   9 BusSv                    0.849
 247   9   9 port7_3                  0.848
 255   9   9 port8_2                  0.846
 229   9   9 port5_5                  0.845
 246   9   9 port7_2                  0.844
 238   9   9 port6_4                  0.844
 228   9   9 port5_4                  0.839

 Factor 2: total contribution = 0.0761 

  16   1   5 IP: mfg                  0.767
  34   2   5 Emp: gds prod            0.760
   6   1   5 IP: total                0.738
  33   2   5 Emp: total               0.731
  37   2   5 Emp: mfg                 0.725
  20   1   2 Cap util                 0.686
  38   2   5 Emp: dble gds            0.669
   7   1   5 IP: products             0.656
  14   1   5 IP: dble matls           0.604
  61   4   1 PMI                      0.601

 Factor 3: total contribution = 0.0331 

 102   6   1 Baa-FF spread            0.591
 101   6   1 Aaa-FF spread            0.589
 100   6   1 10 yr-FF spread          0.574
  99   6   1 5 yr-FF spread           0.559
  98   6   1 1 yr-FF spread           0.367
  97   6   1 6 mo-FF spread           0.365
  96   6   1 3 mo-FF spread           0.355
 114   7   1 NAPM com price           0.262
  64   4   1 NAPM Invent              0.232
  56   3   4 BP: total                0.231

 Factor 4: total contribution = 0.0318 

 119   7   6 CPI-U: comm.             0.642
 123   7   6 CPI-U: ex shelter        0.622
 127   7   6 PCE defl: nondble        0.620
 115   7   6 CPI-U: all               0.608
 124   7   6 CPI-U: ex med            0.569
 125   7   6 PCE defl                 0.553
 117   7   6 CPI-U: transp            0.515
 122   7   6 CPI-U: ex food           0.490
 109   7   6 PPI: cons gds            0.420
 108   7   6 PPI: fin gds             0.405

 Factor 5: total contribution = 0.0280 

 142   9   9 HML                      0.381
 143   9   9 UMD                      0.381
 138   9   9 R15-R11                  0.333
  90   6   2 1 yr T-bond              0.238
  91   6   2 5 yr T-bond              0.228
  89   6   2 6 mo T-bill              0.214
  92   6   2 10 yr T-bond             0.214
 141   9   9 SMB                      0.203
  93   6   2 Aaa bond                 0.195
  88   6   2 3 mo T-bill              0.187

 Factor 6: total contribution = 0.0210 

  90   6   2 1 yr T-bond              0.264
  89   6   2 6 mo T-bill              0.250
  91   6   2 5 yr T-bond              0.236
  88   6   2 3 mo T-bill              0.227
  92   6   2 10 yr T-bond             0.211
  93   6   2 Aaa bond                 0.206
  87   6   2 Comm paper               0.198
  96   6   1 3 mo-FF spread           0.152
  97   6   1 6 mo-FF spread           0.151
  98   6   1 1 yr-FF spread           0.142

 Factor 7: total contribution = 0.0202 

 142   9   9 HML                      0.393
 143   9   9 UMD                      0.393
 141   9   9 SMB                      0.254
 273   9   9 port9_low                0.216
 154   9   9 Drugs                    0.187
 194   9   9 ports_high               0.120
 274   9   9 portl_2                  0.116
 138   9   9 R15-R11                  0.108
 204   9   9 port2_high               0.100
 264   9   9 port8_low                0.094

 Factor 8: total contribution = 0.0193 

  47   2   1 Avg hrs                  0.161
  97   6   1 6 mo-FF spread           0.160
  49   2   1 Avg hrs: mfg             0.159
  29   2   5 U 15+ wks                0.144
  96   6   1 3 mo-FF spread           0.129
  98   6   1 1 yr-FF spread           0.129
  99   6   1 5 yr-FF spread           0.128
 100   6   1 10 yr-FF spread          0.127
  61   4   1 PMI                      0.126
  50   2   1 NAPM empl                0.121

 Factor 9: total contribution = 0.0143 

  51   3   4 Housing Starts: nonfarm  0.231
   9   1   5 IP: cons gds             0.225
   8   1   5 IP: final prod           0.196
  58   3   4 BP: MW                   0.159
  36   2   5 Emp: const               0.155
  53   3   4 Housing Starts: MW       0.152
  56   3   4 BP: total                0.146
  11   1   5 IP: cons nondble         0.137
  10   1   5 IP: cons dble            0.133
   7   1   5 IP: products             0.132

 Factor 10: total contribution = 0.0119 

 103   6   5 Ex rate: avg             0.247
  76   5   6 Reserves tot             0.231
 107   6   5 EX rate: Canada          0.180
 106   6   5 Ex rate: UK              0.168
  75   5   6 MB                       0.166
 104   6   5 Ex rate: Switz           0.128
  66   4   5 Orders: dble gds         0.104
  79   5   1 DC&I loans               0.090
  74   5   5 M2 (real)                0.084
  72   5   6 M2                       0.081

 Factor 11: total contribution = 0.0114 

  76   5   6 Reserves tot             0.222
  71   5   6 M1                       0.220
  72   5   6 M2                       0.219
 131   2   6 AHE: mfg                 0.160
 129   2   6 AHE: goods               0.130
   5   4   5 Retail sales             0.125
   3   4   5 Real Consumption         0.115
  27   2   5 U < 5 wks                0.107
 104   6   5 Ex rate: Switz           0.102
 103   6   5 Ex rate: avg             0.100

 Factor 12: total contribution = 0.0108 

  47   2   1 Avg hrs                  0.188
  66   4   5 Orders: dble gds         0.185
  49   2   1 Avg hrs: mfg             0.171
  67   4   5 Orders: cap gds          0.102
   3   4   5 Real Consumption         0.083
  65   4   5 Orders: cons gds         0.081
  70   4   2 M&T invent/sales         0.075
  46   2   5 Agg wkly hours           0.074
 133   9   9 D_log(DIV)               0.073
 135   9   9 D_DIVreinvested          0.073