
                                  1      2      3      4      5      6      7      8      9     10     11     12     13     14     15
 R2

   1   1   5 PI                       0.000  0.000  0.000  0.003  0.004  0.006  0.006  0.007  0.027  0.031  0.031  0.031  0.041  0.045  0.045
   2   1   5 PI less transfers        0.001  0.012  0.012  0.029  0.029  0.036  0.036  0.036  0.048  0.050  0.050  0.050  0.082  0.100  0.101
   3   4   5 Real Consumption         0.001  0.011  0.018  0.021  0.034  0.036  0.052  0.058  0.075  0.139  0.244  0.245  0.319  0.466  0.467
   4   4   5 M&T sales                0.005  0.077  0.133  0.149  0.154  0.155  0.174  0.176  0.177  0.197  0.252  0.252  0.313  0.404  0.414
   5   4   5 Retail sales             0.009  0.028  0.029  0.030  0.047  0.048  0.054  0.070  0.074  0.137  0.263  0.265  0.389  0.611  0.614
   6   1   5 IP: total                0.017  0.403  0.624  0.650  0.652  0.695  0.737  0.738  0.819  0.853  0.858  0.871  0.872  0.903  0.909
   7   1   5 IP: products             0.022  0.367  0.651  0.711  0.712  0.746  0.764  0.765  0.801  0.822  0.850  0.855  0.861  0.863  0.863
   8   1   5 IP: final prod           0.027  0.296  0.553  0.631  0.632  0.673  0.694  0.696  0.735  0.755  0.805  0.813  0.818  0.824  0.828
   9   1   5 IP: cons gds             0.016  0.170  0.415  0.454  0.454  0.477  0.485  0.490  0.507  0.513  0.590  0.592  0.593  0.600  0.627
  10   1   5 IP: cons dble            0.022  0.191  0.332  0.374  0.375  0.381  0.383  0.391  0.416  0.429  0.534  0.541  0.544  0.552  0.555
  11   1   5 IP: cons nondble         0.004  0.014  0.049  0.059  0.059  0.082  0.082  0.082  0.082  0.083  0.089  0.117  0.123  0.128  0.171
  12   1   5 IP: bus eqpt             0.028  0.274  0.293  0.342  0.353  0.403  0.448  0.448  0.506  0.550  0.577  0.578  0.579  0.595  0.601
  13   1   5 IP: matls                0.014  0.298  0.382  0.390  0.392  0.431  0.490  0.501  0.564  0.591  0.646  0.683  0.684  0.776  0.791
  14   1   5 IP: dble matls           0.028  0.383  0.568  0.582  0.583  0.586  0.586  0.590  0.597  0.601  0.605  0.637  0.641  0.657  0.667
  15   1   5 IP: nondble matls        0.016  0.260  0.263  0.266  0.273  0.310  0.341  0.347  0.376  0.410  0.490  0.507  0.511  0.606  0.642
  16   1   5 IP: mfg                  0.019  0.458  0.735  0.763  0.765  0.789  0.804  0.804  0.848  0.872  0.872  0.878  0.880  0.895  0.895
  17   1   5 IP: res util             0.000  0.001  0.003  0.003  0.006  0.008  0.018  0.021  0.021  0.021  0.022  0.027  0.057  0.057  0.127
  18   1   5 IP: fuels                0.086  0.175  0.314  0.324  0.335  0.362  0.423  0.593  0.593  0.597  0.605  0.605  0.617  0.626  0.660
  19   1   1 NAPM prodn               0.037  0.202  0.205  0.325  0.360  0.399  0.523  0.545  0.642  0.663  0.677  0.682  0.712  0.765  0.766
  20   1   2 Cap util                 0.014  0.407  0.725  0.730  0.732  0.752  0.759  0.760  0.783  0.795  0.797  0.807  0.807  0.825  0.826
  21   2   2 Help wanted indx         0.000  0.035  0.037  0.049  0.092  0.092  0.094  0.106  0.118  0.137  0.146  0.154  0.154  0.190  0.191
  22   2   2 Help wanted/unemp        0.004  0.024  0.080  0.082  0.097  0.106  0.112  0.113  0.116  0.140  0.142  0.178  0.208  0.213  0.218
  23   2   5 Emp CPS total            0.000  0.014  0.044  0.069  0.080  0.091  0.094  0.107  0.152  0.229  0.299  0.301  0.388  0.394  0.394
  24   2   5 Emp CPS nonag            0.001  0.010  0.029  0.050  0.057  0.068  0.070  0.077  0.093  0.134  0.181  0.181  0.243  0.246  0.246
  25   2   2 U: all                   0.037  0.208  0.284  0.286  0.298  0.309  0.355  0.359  0.359  0.386  0.389  0.416  0.421  0.423  0.429
  26   2   2 U: mean duration         0.001  0.021  0.029  0.033  0.036  0.045  0.045  0.051  0.077  0.078  0.078  0.081  0.082  0.082  0.085
  27   2   5 U < 5 wks                0.001  0.014  0.016  0.018  0.018  0.020  0.022  0.032  0.032  0.033  0.040  0.044  0.046  0.046  0.053
  28   2   5 U 5-14 wks               0.019  0.020  0.032  0.038  0.038  0.064  0.074  0.081  0.081  0.093  0.093  0.109  0.121  0.124  0.145
  29   2   5 U 15+ wks                0.010  0.088  0.153  0.164  0.164  0.165  0.176  0.181  0.193  0.229  0.245  0.247  0.302  0.302  0.310
  30   2   5 U 15-26 wks              0.001  0.015  0.048  0.057  0.061  0.061  0.064  0.065  0.074  0.096  0.106  0.107  0.135  0.136  0.139
  31   2   5 U 27+ wks                0.006  0.031  0.043  0.048  0.049  0.054  0.057  0.060  0.071  0.075  0.082  0.092  0.157  0.162  0.165
  32   2   5 UI claims                0.004  0.046  0.082  0.085  0.094  0.105  0.118  0.118  0.118  0.120  0.124  0.126  0.140  0.149  0.150
  33   2   5 Emp: total               0.014  0.158  0.288  0.388  0.425  0.430  0.439  0.475  0.475  0.522  0.535  0.551  0.583  0.583  0.646
  34   2   5 Emp: gds prod            0.046  0.469  0.581  0.612  0.615  0.617  0.639  0.642  0.643  0.686  0.717  0.744  0.747  0.753  0.800
  35   2   5 Emp: mining              0.000  0.001  0.007  0.007  0.009  0.013  0.019  0.020  0.023  0.040  0.041  0.043  0.043  0.045  0.046
  36   2   5 Emp: const               0.001  0.041  0.078  0.095  0.104  0.106  0.112  0.137  0.195  0.276  0.300  0.327  0.372  0.378  0.378
  37   2   5 Emp: mfg                 0.040  0.384  0.512  0.534  0.535  0.537  0.575  0.575  0.581  0.596  0.653  0.707  0.708  0.709  0.733
  38   2   5 Emp: dble gds            0.022  0.272  0.399  0.418  0.418  0.420  0.438  0.438  0.445  0.450  0.514  0.560  0.560  0.561  0.578
  39   2   5 Emp: nondbles            0.044  0.274  0.333  0.348  0.349  0.352  0.409  0.409  0.409  0.443  0.458  0.486  0.493  0.500  0.502
  40   2   5 Emp: services            0.001  0.001  0.033  0.097  0.133  0.154  0.212  0.238  0.262  0.292  0.363  0.365  0.427  0.429  0.472
  41   2   5 Emp: TTU                 0.008  0.048  0.072  0.140  0.169  0.188  0.198  0.220  0.262  0.332  0.456  0.457  0.561  0.566  0.592
  42   2   5 Emp: wholesale           0.022  0.077  0.077  0.139  0.181  0.216  0.217  0.277  0.279  0.293  0.310  0.313  0.333  0.334  0.401
  43   2   5 Emp: retail              0.001  0.026  0.064  0.112  0.128  0.136  0.150  0.161  0.197  0.242  0.323  0.324  0.413  0.429  0.430
  44   2   5 Emp: FIRE                0.002  0.019  0.019  0.050  0.085  0.094  0.102  0.115  0.138  0.148  0.165  0.172  0.177  0.177  0.235
  45   2   5 Emp: Govt                0.005  0.009  0.041  0.043  0.044  0.056  0.056  0.062  0.071  0.107  0.112  0.113  0.117  0.118  0.129
  46   2   5 Agg wkly hours           0.005  0.136  0.190  0.194  0.195  0.249  0.254  0.258  0.264  0.272  0.273  0.645  0.650  0.666  0.684
  47   2   1 Avg hrs                  0.000  0.036  0.101  0.101  0.101  0.156  0.173  0.175  0.191  0.217  0.231  0.778  0.779  0.820  0.822
  48   2   2 Overtime: mfg            0.000  0.006  0.019  0.019  0.022  0.023  0.033  0.033  0.040  0.042  0.043  0.076  0.077  0.080  0.082
  49   2   1 Avg hrs: mfg             0.000  0.038  0.101  0.101  0.101  0.153  0.169  0.171  0.185  0.220  0.238  0.769  0.771  0.816  0.818
  50   2   1 NAPM empl                0.024  0.166  0.166  0.283  0.310  0.413  0.622  0.662  0.708  0.744  0.751  0.757  0.769  0.805  0.809
  51   3   4 Housing Starts: nonfarm  0.002  0.031  0.043  0.044  0.060  0.077  0.079  0.080  0.121  0.150  0.176  0.229  0.277  0.297  0.367
  52   3   4 Housing Starts: NE       0.002  0.052  0.056  0.057  0.069  0.071  0.075  0.080  0.107  0.129  0.130  0.167  0.188  0.189  0.194
  53   3   4 Housing Starts: MW       0.000  0.008  0.011  0.011  0.017  0.018  0.024  0.024  0.040  0.059  0.071  0.117  0.149  0.152  0.181
  54   3   4 Housing Starts: South    0.003  0.018  0.021  0.024  0.029  0.044  0.045  0.048  0.076  0.078  0.086  0.114  0.129  0.142  0.174
  55   3   4 Housing Starts: West     0.001  0.009  0.013  0.015  0.017  0.017  0.029  0.031  0.033  0.034  0.037  0.042  0.045  0.047  0.048
  56   3   4 BP: total                0.018  0.054  0.074  0.089  0.103  0.155  0.160  0.162  0.179  0.227  0.237  0.252  0.252  0.272  0.485
  57   3   4 BP: NE                   0.006  0.012  0.017  0.017  0.027  0.030  0.050  0.050  0.050  0.064  0.064  0.064  0.064  0.068  0.146
  58   3   4 BP: MW                   0.000  0.011  0.014  0.016  0.020  0.036  0.036  0.037  0.126  0.138  0.163  0.200  0.252  0.276  0.393
  59   3   4 BP: South                0.005  0.020  0.028  0.036  0.040  0.066  0.069  0.070  0.087  0.112  0.116  0.138  0.139  0.172  0.251
  60   3   4 BP: West                 0.005  0.019  0.024  0.049  0.052  0.070  0.070  0.077  0.078  0.107  0.126  0.126  0.128  0.130  0.181
  61   4   1 PMI                      0.025  0.190  0.191  0.336  0.371  0.470  0.699  0.735  0.800  0.825  0.834  0.839  0.853  0.907  0.907
  62   4   1 NAPM new ordrs           0.038  0.198  0.202  0.336  0.376  0.407  0.513  0.533  0.628  0.648  0.657  0.660  0.691  0.740  0.744
  63   4   1 NAPM vendor del          0.000  0.048  0.054  0.123  0.130  0.314  0.532  0.548  0.570  0.584  0.584  0.584  0.585  0.614  0.614
  64   4   1 NAPM Invent              0.004  0.068  0.071  0.144  0.164  0.310  0.574  0.608  0.617  0.624  0.625  0.630  0.630  0.653  0.658
  65   4   5 Orders: cons gds         0.006  0.124  0.242  0.242  0.249  0.249  0.250  0.251  0.259  0.262  0.264  0.280  0.298  0.300  0.315
  66   4   5 Orders: dble gds         0.017  0.093  0.095  0.097  0.175  0.177  0.187  0.195  0.197  0.197  0.221  0.235  0.243  0.266  0.279
  67   4   5 Orders: cap gds          0.000  0.002  0.002  0.003  0.012  0.013  0.014  0.016  0.036  0.037  0.043  0.044  0.046  0.048  0.051
  68   4   5 Unf orders: dble         0.002  0.008  0.028  0.056  0.067  0.109  0.109  0.135  0.156  0.157  0.158  0.176  0.177  0.180  0.187
  69   4   5 M&T invent               0.007  0.016  0.034  0.074  0.076  0.086  0.104  0.112  0.117  0.131  0.137  0.137  0.143  0.149  0.162
  70   4   2 M&T invent/sales         0.009  0.123  0.185  0.185  0.207  0.210  0.215  0.229  0.230  0.268  0.316  0.324  0.420  0.526  0.544
  71   5   6 M1                       0.026  0.219  0.244  0.261  0.322  0.322  0.327  0.358  0.386  0.388  0.533  0.533  0.556  0.618  0.635
  72   5   6 M2                       0.011  0.131  0.145  0.148  0.196  0.197  0.212  0.245  0.269  0.270  0.467  0.473  0.518  0.531  0.547
  73   5   6 Currency                 0.019  0.019  0.019  0.019  0.137  0.149  0.160  0.426  0.427  0.429  0.430  0.432  0.446  0.449  0.462
  74   5   5 M2 (real)                0.027  0.139  0.182  0.184  0.189  0.190  0.195  0.196  0.196  0.206  0.256  0.256  0.273  0.310  0.322
  75   5   6 MB                       0.103  0.341  0.471  0.479  0.483  0.494  0.495  0.544  0.544  0.549  0.549  0.551  0.562  0.563  0.570
  76   5   6 Reserves tot             0.030  0.206  0.227  0.235  0.273  0.308  0.315  0.315  0.371  0.374  0.709  0.709  0.739  0.747  0.749
  77   5   6 Reserves nonbor          0.002  0.052  0.054  0.063  0.066  0.068  0.079  0.091  0.092  0.094  0.095  0.099  0.122  0.125  0.130
  78   5   6 C&I loan plus            0.035  0.099  0.135  0.135  0.143  0.149  0.151  0.162  0.165  0.165  0.217  0.227  0.227  0.237  0.239
  79   5   1 DC&I loans               0.079  0.174  0.456  0.456  0.460  0.477  0.478  0.577  0.577  0.584  0.594  0.594  0.597  0.600  0.604
  80   5   6 Cons credit              0.001  0.001  0.002  0.002  0.003  0.003  0.004  0.004  0.006  0.009  0.010  0.029  0.035  0.035  0.035
  81   5   2 Inst cred/PI             0.000  0.002  0.003  0.003  0.008  0.008  0.009  0.011  0.016  0.019  0.019  0.020  0.026  0.029  0.030
  82   8   5 S&P 500                  0.380  0.416  0.498  0.513  0.532  0.557  0.560  0.651  0.664  0.667  0.671  0.671  0.710  0.711  0.718
  83   8   5 S&P: indust              0.377  0.402  0.467  0.485  0.498  0.524  0.530  0.606  0.619  0.621  0.623  0.624  0.668  0.669  0.676
  84   8   2 S&P div yield            0.200  0.234  0.234  0.283  0.304  0.304  0.305  0.343  0.365  0.394  0.409  0.413  0.456  0.461  0.477
  85   8   5 S&P PE ratio             0.096  0.117  0.165  0.165  0.181  0.182  0.189  0.203  0.224  0.236  0.251  0.262  0.263  0.268  0.311
  86   6   2 Fed Funds                0.006  0.057  0.127  0.458  0.461  0.499  0.500  0.503  0.504  0.612  0.621  0.640  0.657  0.696  0.701
  87   6   2 Comm paper               0.008  0.070  0.144  0.517  0.520  0.571  0.573  0.574  0.575  0.675  0.688  0.707  0.729  0.770  0.775
  88   6   2 3 mo T-bill              0.006  0.078  0.159  0.607  0.610  0.663  0.664  0.665  0.666  0.760  0.772  0.787  0.802  0.840  0.844
  89   6   2 6 mo T-bill              0.007  0.085  0.175  0.636  0.640  0.700  0.702  0.703  0.706  0.800  0.814  0.834  0.849  0.887  0.892
  90   6   2 1 yr T-bond              0.004  0.091  0.176  0.684  0.689  0.752  0.754  0.755  0.759  0.839  0.851  0.869  0.882  0.915  0.923
  91   6   2 5 yr T-bond              0.002  0.076  0.118  0.579  0.583  0.622  0.627  0.627  0.636  0.688  0.693  0.698  0.712  0.726  0.739
  92   6   2 10 yr T-bond             0.002  0.071  0.095  0.460  0.464  0.485  0.491  0.491  0.503  0.541  0.545  0.549  0.563  0.569  0.589
  93   6   2 Aaa bond                 0.010  0.113  0.126  0.507  0.512  0.527  0.530  0.531  0.547  0.596  0.600  0.600  0.609  0.610  0.631
  94   6   2 Baa bond                 0.103  0.237  0.300  0.515  0.538  0.538  0.539  0.627  0.662  0.715  0.715  0.716  0.716  0.721  0.724
  95   6   1 CP-FF spread             0.022  0.108  0.108  0.277  0.279  0.341  0.377  0.419  0.457  0.496  0.500  0.506  0.524  0.556  0.561
  96   6   1 3 mo-FF spread           0.005  0.021  0.032  0.301  0.303  0.468  0.552  0.552  0.587  0.697  0.731  0.745  0.769  0.791  0.794
  97   6   1 6 mo-FF spread           0.002  0.019  0.029  0.299  0.300  0.474  0.544  0.545  0.615  0.731  0.760  0.780  0.802  0.826  0.830
  98   6   1 1 yr-FF spread           0.001  0.015  0.020  0.207  0.207  0.395  0.483  0.486  0.611  0.749  0.778  0.802  0.821  0.842  0.845
  99   6   1 5 yr-FF spread           0.001  0.011  0.014  0.185  0.189  0.341  0.364  0.364  0.672  0.786  0.796  0.861  0.862  0.874  0.876
 100   6   1 10 yr-FF spread          0.002  0.015  0.043  0.174  0.183  0.280  0.284  0.284  0.680  0.778  0.783  0.864  0.865  0.873  0.880
 101   6   1 Aaa-FF spread            0.010  0.043  0.163  0.187  0.194  0.196  0.227  0.229  0.621  0.660  0.662  0.719  0.735  0.736  0.764
 102   6   1 Baa-FF spread            0.027  0.115  0.250  0.250  0.260  0.274  0.362  0.365  0.560  0.580  0.587  0.612  0.650  0.650  0.706
 103   6   5 Ex rate: avg             0.013  0.032  0.049  0.056  0.056  0.056  0.056  0.057  0.081  0.081  0.090  0.104  0.158  0.163  0.217
 104   6   5 Ex rate: Switz           0.006  0.007  0.009  0.045  0.045  0.046  0.048  0.050  0.053  0.069  0.079  0.082  0.084  0.085  0.085
 105   6   5 Ex rate: Japan           0.005  0.017  0.019  0.075  0.075  0.077  0.077  0.079  0.085  0.111  0.114  0.114  0.120  0.122  0.123
 106   6   5 Ex rate: UK              0.005  0.025  0.055  0.072  0.072  0.072  0.076  0.076  0.089  0.089  0.101  0.115  0.118  0.136  0.138
 107   6   5 EX rate: Canada          0.119  0.194  0.452  0.458  0.477  0.512  0.521  0.677  0.682  0.689  0.698  0.698  0.705  0.705  0.710
 108   7   6 PPI: fin gds             0.029  0.200  0.345  0.371  0.404  0.508  0.535  0.548  0.549  0.549  0.615  0.616  0.618  0.627  0.627
 109   7   6 PPI: cons gds            0.034  0.210  0.384  0.412  0.441  0.537  0.561  0.570  0.571  0.572  0.641  0.642  0.642  0.653  0.654
 110   7   6 PPI: int mat’ls          0.045  0.177  0.322  0.329  0.355  0.417  0.468  0.472  0.476  0.477  0.544  0.544  0.546  0.548  0.549
 111   7   6 PPI: crude mat’ls        0.006  0.023  0.081  0.081  0.197  0.218  0.227  0.245  0.245  0.245  0.285  0.286  0.287  0.288  0.290
 112   7   6 Spot market price        0.023  0.105  0.162  0.171  0.178  0.245  0.266  0.274  0.275  0.277  0.331  0.331  0.335  0.360  0.362
 113   7   6 PPI: nonferrous          0.007  0.023  0.033  0.060  0.069  0.081  0.082  0.084  0.084  0.095  0.095  0.101  0.101  0.102  0.102
 114   7   1 NAPM com price           0.000  0.030  0.042  0.046  0.066  0.289  0.452  0.480  0.495  0.497  0.497  0.498  0.499  0.509  0.524
 115   7   6 CPI-U: all               0.014  0.221  0.357  0.389  0.458  0.636  0.664  0.743  0.789  0.805  0.821  0.822  0.822  0.827  0.827
 116   7   6 CPI-U: apparel           0.000  0.000  0.007  0.008  0.008  0.017  0.018  0.029  0.029  0.029  0.030  0.031  0.038  0.038  0.044
 117   7   6 CPI-U: transp            0.029  0.329  0.480  0.519  0.562  0.600  0.602  0.629  0.642  0.659  0.662  0.662  0.671  0.679  0.682
 118   7   6 CPI-U: medical           0.002  0.009  0.024  0.034  0.040  0.077  0.108  0.116  0.116  0.118  0.118  0.120  0.146  0.146  0.146
 119   7   6 CPI-U: comm.             0.026  0.316  0.516  0.563  0.623  0.741  0.751  0.810  0.833  0.862  0.865  0.865  0.869  0.872  0.872
 120   7   6 CPI-U: dbles             0.000  0.002  0.008  0.018  0.020  0.029  0.030  0.030  0.036  0.038  0.039  0.039  0.040  0.041  0.042
 121   7   6 CPI-U: services          0.001  0.004  0.010  0.010  0.017  0.021  0.022  0.023  0.047  0.048  0.048  0.048  0.067  0.099  0.100
 122   7   6 CPI-U: ex food           0.020  0.277  0.382  0.406  0.473  0.519  0.519  0.555  0.596  0.609  0.609  0.612  0.612  0.629  0.631
 123   7   6 CPI-U: ex shelter        0.018  0.280  0.444  0.487  0.551  0.725  0.746  0.819  0.843  0.869  0.874  0.875  0.876  0.879  0.879
 124   7   6 CPI-U: ex med            0.019  0.263  0.390  0.431  0.489  0.669  0.689  0.754  0.801  0.817  0.825  0.827  0.827  0.832  0.832
 125   7   6 PCE defl                 0.031  0.313  0.428  0.445  0.527  0.647  0.662  0.737  0.768  0.773  0.777  0.783  0.784  0.784  0.784
 126   7   6 PCE defl: dlbes          0.000  0.011  0.018  0.026  0.031  0.031  0.033  0.037  0.038  0.046  0.067  0.071  0.099  0.120  0.121
 127   7   6 PCE defl: nondble        0.029  0.325  0.524  0.567  0.634  0.722  0.724  0.780  0.797  0.821  0.822  0.822  0.826  0.829  0.829
 128   7   6 PCE defl: service        0.003  0.034  0.034  0.035  0.099  0.099  0.102  0.127  0.127  0.136  0.347  0.369  0.513  0.636  0.661
 129   2   6 AHE: goods               0.000  0.031  0.123  0.126  0.126  0.158  0.191  0.197  0.217  0.251  0.291  0.644  0.649  0.687  0.691
 130   2   6 AHE: const               0.001  0.012  0.057  0.065  0.070  0.072  0.091  0.107  0.207  0.216  0.231  0.372  0.388  0.391  0.399
 131   2   6 AHE: mfg                 0.001  0.042  0.174  0.195  0.195  0.228  0.260  0.264  0.264  0.298  0.378  0.516  0.526  0.542  0.542
 132   4   2 Consumer expect          0.007  0.012  0.046  0.067  0.067  0.068  0.080  0.080  0.106  0.108  0.110  0.122  0.122  0.129  0.130
 133   9   9 D_log(DIV)               0.005  0.005  0.069  0.080  0.119  0.145  0.211  0.244  0.294  0.298  0.299  0.323  0.375  0.375  0.410
 134   9   9 D_log(P)                 0.887  0.890  0.891  0.901  0.903  0.923  0.954  0.958  0.959  0.963  0.963  0.964  0.967  0.967  0.967
 135   9   9 D_DIVreinvested          0.004  0.005  0.069  0.079  0.117  0.144  0.209  0.241  0.291  0.296  0.297  0.320  0.371  0.371  0.407
 136   9   9 D_Preinvested            0.885  0.887  0.888  0.900  0.902  0.924  0.953  0.958  0.959  0.963  0.963  0.965  0.969  0.969  0.969
 137   9   9 d-p                      0.001  0.026  0.138  0.170  0.306  0.335  0.374  0.375  0.431  0.449  0.450  0.452  0.469  0.484  0.499
 138   9   9 R15-R11                  0.029  0.044  0.052  0.053  0.488  0.507  0.556  0.756  0.763  0.764  0.765  0.766  0.801  0.802  0.804
 139   9   9 CP factor                0.005  0.006  0.006  0.099  0.103  0.104  0.131  0.139  0.141  0.141  0.157  0.189  0.191  0.200  0.222
 140   9   9 Mkt-RF                   0.872  0.878  0.878  0.889  0.891  0.907  0.938  0.949  0.949  0.954  0.955  0.955  0.959  0.959  0.960
 141   9   9 SMB                      0.116  0.145  0.165  0.176  0.352  0.402  0.482  0.616  0.619  0.627  0.627  0.628  0.631  0.637  0.667
 142   9   9 HML                      0.071  0.071  0.074  0.074  0.545  0.547  0.565  0.647  0.654  0.695  0.696  0.697  0.735  0.763  0.768
 143   9   9 UMD                      0.071  0.071  0.074  0.074  0.545  0.547  0.565  0.647  0.654  0.695  0.696  0.697  0.735  0.763  0.768
 144   9   9 Agric                    0.330  0.354  0.364  0.364  0.364  0.369  0.382  0.405  0.406  0.413  0.420  0.427  0.427  0.451  0.451
 145   9   9 Food                     0.342  0.358  0.368  0.389  0.391  0.392  0.399  0.419  0.435  0.477  0.479  0.487  0.495  0.509  0.520
 146   9   9 Beer                     0.385  0.395  0.412  0.419  0.421  0.422  0.423  0.427  0.431  0.450  0.462  0.467  0.468  0.480  0.501
 147   9   9 Smoke                    0.084  0.099  0.099  0.109  0.120  0.147  0.153  0.202  0.202  0.212  0.212  0.217  0.241  0.254  0.255
 148   9   9 Toys                     0.645  0.650  0.656  0.658  0.663  0.663  0.672  0.682  0.686  0.693  0.693  0.693  0.696  0.697  0.707
 149   9   9 Fun                      0.681  0.683  0.692  0.693  0.699  0.700  0.700  0.713  0.714  0.720  0.720  0.720  0.729  0.736  0.750
 150   9   9 Books                    0.600  0.608  0.618  0.618  0.638  0.642  0.643  0.659  0.677  0.687  0.689  0.694  0.699  0.699  0.705
 151   9   9 Hshld                    0.482  0.490  0.500  0.507  0.514  0.518  0.543  0.552  0.566  0.616  0.634  0.647  0.655  0.662  0.663
 152   9   9 Clths                    0.732  0.740  0.743  0.751  0.753  0.754  0.756  0.759  0.759  0.760  0.763  0.763  0.766  0.766  0.767
 153   9   9 MedEq                    0.403  0.403  0.403  0.420  0.420  0.431  0.481  0.482  0.500  0.539  0.540  0.541  0.548  0.557  0.561
 154   9   9 Drugs                    0.201  0.215  0.222  0.250  0.291  0.313  0.394  0.423  0.437  0.526  0.532  0.554  0.572  0.575  0.579
 155   9   9 Chems                    0.681  0.682  0.688  0.689  0.693  0.711  0.738  0.748  0.751  0.751  0.765  0.766  0.775  0.779  0.779
 156   9   9 Rubbr                    0.722  0.724  0.724  0.730  0.748  0.748  0.749  0.760  0.760  0.764  0.765  0.765  0.766  0.768  0.780
 157   9   9 Txtls                    0.480  0.523  0.555  0.574  0.607  0.608  0.632  0.632  0.633  0.646  0.647  0.650  0.667  0.667  0.731
 158   9   9 BldMt                    0.754  0.769  0.808  0.808  0.845  0.853  0.853  0.864  0.866  0.868  0.877  0.878  0.879  0.887  0.889
 159   9   9 Cnstr                    0.698  0.698  0.698  0.700  0.701  0.707  0.724  0.729  0.729  0.734  0.734  0.735  0.736  0.750  0.750
 160   9   9 Steel                    0.535  0.555  0.610  0.610  0.611  0.657  0.663  0.671  0.690  0.699  0.731  0.731  0.732  0.737  0.739
 161   9   9 Mach                     0.756  0.757  0.792  0.794  0.795  0.840  0.873  0.873  0.875  0.880  0.885  0.885  0.885  0.887  0.887
 162   9   9 ElcEq                    0.723  0.726  0.734  0.736  0.736  0.760  0.779  0.782  0.782  0.785  0.785  0.787  0.792  0.792  0.798
 163   9   9 Autos                    0.532  0.546  0.653  0.653  0.677  0.696  0.697  0.744  0.745  0.745  0.753  0.753  0.755  0.757  0.764
 164   9   9 Aero                     0.495  0.509  0.520  0.521  0.521  0.521  0.521  0.535  0.538  0.538  0.554  0.554  0.555  0.560  0.575
 165   9   9 Ships                    0.469  0.469  0.479  0.480  0.492  0.501  0.506  0.512  0.528  0.529  0.532  0.539  0.559  0.564  0.564
 166   9   9 Mines                    0.474  0.486  0.533  0.535  0.543  0.585  0.617  0.619  0.627  0.664  0.682  0.685  0.685  0.696  0.714
 167   9   9 Coal                     0.256  0.273  0.303  0.304  0.321  0.355  0.366  0.369  0.400  0.412  0.484  0.485  0.486  0.491  0.521
 168   9   9 Oil                      0.267  0.268  0.273  0.328  0.328  0.333  0.369  0.370  0.372  0.376  0.379  0.386  0.401  0.407  0.439
 169   9   9 Util                     0.225  0.230  0.231  0.245  0.246  0.246  0.250  0.250  0.253  0.265  0.266  0.283  0.284  0.309  0.407
 170   9   9 Telcm                    0.202  0.211  0.235  0.241  0.284  0.344  0.345  0.345  0.347  0.362  0.362  0.365  0.379  0.387  0.393
 171   9   9 PerSv                    0.386  0.453  0.493  0.493  0.494  0.501  0.522  0.540  0.545  0.545  0.546  0.548  0.554  0.560  0.560
 172   9   9 BusSv                    0.788  0.798  0.799  0.802  0.803  0.803  0.808  0.808  0.810  0.810  0.810  0.810  0.819  0.821  0.821
 173   9   9 Hardw                    0.196  0.200  0.204  0.208  0.445  0.482  0.482  0.483  0.484  0.504  0.520  0.520  0.524  0.528  0.562
 174   9   9 Chips                    0.348  0.362  0.363  0.364  0.552  0.566  0.566  0.567  0.573  0.578  0.585  0.586  0.589  0.589  0.608
 175   9   9 LabEq                    0.590  0.603  0.604  0.613  0.671  0.675  0.685  0.690  0.692  0.696  0.697  0.697  0.704  0.707  0.727
 176   9   9 Paper                    0.645  0.646  0.646  0.646  0.656  0.656  0.661  0.668  0.672  0.680  0.680  0.680  0.691  0.703  0.705
 177   9   9 Boxes                    0.588  0.590  0.590  0.593  0.610  0.658  0.690  0.700  0.704  0.704  0.704  0.707  0.719  0.722  0.722
 178   9   9 Trans                    0.669  0.678  0.694  0.694  0.694  0.697  0.699  0.755  0.755  0.755  0.755  0.756  0.759  0.759  0.769
 179   9   9 Whlsl                    0.776  0.793  0.800  0.802  0.803  0.804  0.822  0.824  0.830  0.832  0.832  0.833  0.836  0.844  0.849
 180   9   9 Rtail                    0.646  0.674  0.686  0.687  0.688  0.688  0.690  0.731  0.732  0.734  0.736  0.736  0.736  0.737  0.740
 181   9   9 Meals                    0.450  0.477  0.526  0.526  0.529  0.568  0.572  0.572  0.580  0.588  0.590  0.591  0.611  0.619  0.620
 182   9   9 Banks                    0.436  0.462  0.462  0.465  0.468  0.468  0.472  0.500  0.500  0.527  0.561  0.574  0.642  0.662  0.663
 183   9   9 Insur                    0.367  0.397  0.429  0.431  0.431  0.450  0.475  0.516  0.532  0.543  0.557  0.580  0.586  0.595  0.609
 184   9   9 RlEst                    0.477  0.510  0.542  0.544  0.619  0.622  0.639  0.713  0.719  0.724  0.730  0.730  0.745  0.745  0.748
 185   9   9 Fin                      0.619  0.620  0.636  0.639  0.664  0.702  0.709  0.711  0.711  0.713  0.715  0.720  0.724  0.724  0.725
 186   9   9 Other                    0.377  0.388  0.401  0.401  0.402  0.402  0.405  0.415  0.418  0.420  0.428  0.433  0.433  0.436  0.439
 187   9   9 ports_2                  0.497  0.517  0.522  0.524  0.625  0.643  0.657  0.727  0.727  0.738  0.741  0.746  0.748  0.754  0.754
 188   9   9 ports_4                  0.199  0.210  0.218  0.224  0.231  0.242  0.258  0.267  0.268  0.271  0.271  0.272  0.274  0.286  0.287
 189   9   9 ports_5                  0.729  0.742  0.766  0.778  0.779  0.805  0.818  0.834  0.834  0.838  0.839  0.843  0.850  0.856  0.857
 190   9   9 ports_6                  0.492  0.520  0.555  0.573  0.641  0.700  0.768  0.832  0.832  0.839  0.839  0.842  0.843  0.843  0.851
 191   9   9 ports_7                  0.724  0.753  0.786  0.804  0.804  0.833  0.858  0.858  0.859  0.863  0.863  0.867  0.869  0.874  0.876
 192   9   9 ports_8                  0.715  0.732  0.760  0.786  0.786  0.828  0.861  0.864  0.864  0.866  0.866  0.871  0.871  0.873  0.874
 193   9   9 ports_9                  0.740  0.745  0.761  0.779  0.780  0.820  0.861  0.864  0.865  0.867  0.869  0.872  0.876  0.878  0.879
 194   9   9 ports_high               0.683  0.690  0.697  0.712  0.740  0.752  0.791  0.818  0.818  0.818  0.819  0.821  0.824  0.824  0.824
 195   9   9 ports_low                0.670  0.721  0.737  0.739  0.807  0.813  0.815  0.833  0.834  0.841  0.841  0.843  0.843  0.856  0.858
 196   9   9 port2_2                  0.353  0.388  0.402  0.404  0.487  0.501  0.520  0.553  0.555  0.559  0.559  0.560  0.560  0.572  0.573
 197   9   9 port2_3                  0.608  0.650  0.674  0.683  0.734  0.759  0.790  0.800  0.801  0.807  0.808  0.809  0.810  0.812  0.812
 198   9   9 port2_4                  0.537  0.566  0.575  0.580  0.653  0.676  0.710  0.784  0.786  0.796  0.797  0.801  0.806  0.806  0.820
 199   9   9 port2_5                  0.795  0.812  0.823  0.827  0.832  0.838  0.843  0.850  0.851  0.859  0.859  0.860  0.860  0.861  0.862
 200   9   9 port2_6                  0.760  0.772  0.797  0.808  0.809  0.836  0.878  0.882  0.885  0.888  0.888  0.890  0.890  0.892  0.892
 201   9   9 port2_7                  0.722  0.726  0.737  0.752  0.752  0.775  0.818  0.822  0.824  0.825  0.827  0.828  0.836  0.841  0.841
 202   9   9 port2_8                  0.730  0.740  0.772  0.793  0.793  0.820  0.848  0.867  0.874  0.875  0.876  0.878  0.883  0.883  0.883
 203   9   9 port2_9                  0.804  0.805  0.808  0.819  0.845  0.858  0.887  0.896  0.901  0.901  0.902  0.903  0.903  0.904  0.905
 204   9   9 port2_high               0.755  0.761  0.773  0.785  0.813  0.820  0.847  0.859  0.860  0.860  0.861  0.861  0.863  0.865  0.866
 205   9   9 port2_low                0.637  0.680  0.692  0.693  0.787  0.795  0.795  0.825  0.826  0.833  0.833  0.836  0.836  0.844  0.844
 206   9   9 port3_2                  0.753  0.787  0.798  0.800  0.817  0.829  0.830  0.831  0.831  0.838  0.839  0.842  0.845  0.857  0.861
 207   9   9 port3_3                  0.776  0.799  0.805  0.805  0.814  0.818  0.818  0.819  0.819  0.826  0.826  0.828  0.829  0.837  0.841
 208   9   9 port3_4                  0.780  0.813  0.833  0.837  0.846  0.853  0.853  0.870  0.871  0.877  0.878  0.879  0.882  0.886  0.890
 209   9   9 port3_5                  0.859  0.863  0.863  0.865  0.880  0.888  0.890  0.890  0.891  0.895  0.895  0.899  0.902  0.906  0.906
 210   9   9 port3_6                  0.760  0.780  0.786  0.787  0.793  0.817  0.824  0.824  0.825  0.835  0.835  0.837  0.843  0.844  0.844
 211   9   9 port3_7                  0.781  0.781  0.782  0.787  0.822  0.827  0.847  0.848  0.849  0.849  0.850  0.851  0.854  0.855  0.862
 212   9   9 port3_8                  0.719  0.735  0.735  0.750  0.790  0.801  0.848  0.850  0.850  0.851  0.851  0.852  0.853  0.855  0.856
 213   9   9 port3_9                  0.625  0.626  0.635  0.657  0.661  0.707  0.789  0.797  0.803  0.803  0.804  0.808  0.814  0.817  0.818
 214   9   9 port3_high               0.688  0.689  0.703  0.711  0.771  0.772  0.805  0.806  0.814  0.814  0.814  0.817  0.817  0.820  0.820
 215   9   9 port3_low                0.636  0.703  0.721  0.721  0.823  0.827  0.828  0.841  0.842  0.845  0.845  0.847  0.848  0.856  0.865
 216   9   9 port4_2                  0.781  0.801  0.804  0.804  0.807  0.808  0.808  0.809  0.810  0.812  0.814  0.816  0.830  0.833  0.836
 217   9   9 port4_3                  0.812  0.830  0.838  0.841  0.844  0.849  0.849  0.853  0.853  0.861  0.861  0.862  0.872  0.877  0.877
 218   9   9 port4_4                  0.805  0.828  0.836  0.837  0.839  0.849  0.849  0.850  0.850  0.859  0.859  0.861  0.861  0.865  0.865
 219   9   9 port4_5                  0.777  0.785  0.799  0.804  0.817  0.826  0.835  0.852  0.852  0.856  0.856  0.857  0.864  0.864  0.864
 220   9   9 port4_6                  0.783  0.799  0.806  0.818  0.829  0.845  0.854  0.865  0.865  0.868  0.868  0.871  0.871  0.871  0.874
 221   9   9 port4_7                  0.806  0.809  0.810  0.810  0.837  0.840  0.844  0.848  0.848  0.850  0.850  0.850  0.857  0.858  0.858
 222   9   9 port4_8                  0.728  0.729  0.731  0.733  0.734  0.734  0.755  0.764  0.767  0.777  0.777  0.780  0.780  0.781  0.784
 223   9   9 port4_9                  0.639  0.639  0.657  0.667  0.690  0.720  0.766  0.796  0.798  0.799  0.800  0.800  0.801  0.806  0.807
 224   9   9 port4_high               0.551  0.585  0.614  0.634  0.660  0.661  0.704  0.706  0.709  0.718  0.722  0.724  0.729  0.731  0.742
 225   9   9 port4_low                0.598  0.616  0.634  0.634  0.759  0.760  0.760  0.768  0.769  0.770  0.771  0.771  0.780  0.784  0.793
 226   9   9 port5_2                  0.765  0.785  0.786  0.786  0.833  0.833  0.834  0.858  0.858  0.871  0.871  0.873  0.874  0.877  0.879
 227   9   9 port5_3                  0.776  0.801  0.813  0.813  0.814  0.814  0.814  0.842  0.843  0.848  0.849  0.850  0.850  0.856  0.857
 228   9   9 port5_4                  0.820  0.829  0.831  0.833  0.843  0.844  0.844  0.853  0.853  0.855  0.863  0.866  0.866  0.870  0.874
 229   9   9 port5_5                  0.799  0.802  0.807  0.808  0.822  0.827  0.830  0.839  0.839  0.841  0.842  0.842  0.847  0.847  0.847
 230   9   9 port5_6                  0.718  0.723  0.725  0.725  0.746  0.748  0.751  0.763  0.763  0.767  0.767  0.767  0.772  0.772  0.773
 231   9   9 port5_7                  0.722  0.722  0.729  0.730  0.767  0.767  0.785  0.785  0.785  0.788  0.789  0.790  0.793  0.797  0.799
 232   9   9 port5_8                  0.718  0.726  0.731  0.733  0.762  0.765  0.785  0.813  0.819  0.820  0.825  0.827  0.827  0.828  0.832
 233   9   9 port5_9                  0.696  0.698  0.700  0.703  0.733  0.746  0.766  0.784  0.790  0.790  0.792  0.793  0.794  0.796  0.797
 234   9   9 port5_high               0.602  0.659  0.693  0.702  0.728  0.729  0.764  0.767  0.770  0.770  0.770  0.770  0.770  0.781  0.789
 235   9   9 port5_low                0.509  0.546  0.551  0.557  0.783  0.784  0.794  0.808  0.809  0.810  0.810  0.810  0.811  0.817  0.826
 236   9   9 port6_2                  0.830  0.839  0.840  0.841  0.842  0.842  0.862  0.862  0.862  0.863  0.863  0.863  0.866  0.872  0.872
 237   9   9 port6_3                  0.835  0.851  0.856  0.856  0.859  0.860  0.863  0.870  0.870  0.871  0.871  0.872  0.872  0.874  0.875
 238   9   9 port6_4                  0.733  0.746  0.751  0.752  0.753  0.754  0.754  0.766  0.766  0.767  0.768  0.768  0.779  0.780  0.780
 239   9   9 port6_5                  0.699  0.717  0.743  0.743  0.749  0.751  0.752  0.785  0.786  0.792  0.792  0.792  0.792  0.793  0.797
 240   9   9 port6_6                  0.717  0.731  0.764  0.765  0.799  0.801  0.801  0.811  0.815  0.816  0.817  0.817  0.817  0.817  0.820
 241   9   9 port6_7                  0.748  0.750  0.751  0.751  0.782  0.784  0.784  0.795  0.796  0.796  0.797  0.797  0.797  0.799  0.803
 242   9   9 port6_8                  0.612  0.621  0.635  0.635  0.678  0.678  0.692  0.700  0.700  0.701  0.701  0.704  0.716  0.731  0.737
 243   9   9 port6_9                  0.504  0.505  0.506  0.507  0.517  0.537  0.578  0.579  0.581  0.581  0.602  0.602  0.620  0.649  0.650
 244   9   9 port6_high               0.605  0.610  0.623  0.631  0.640  0.650  0.660  0.667  0.670  0.670  0.671  0.675  0.677  0.677  0.677
 245   9   9 port6_low                0.469  0.510  0.525  0.527  0.751  0.751  0.761  0.811  0.811  0.811  0.811  0.811  0.815  0.819  0.820
 246   9   9 port7_2                  0.813  0.819  0.819  0.825  0.825  0.825  0.843  0.843  0.846  0.846  0.848  0.848  0.863  0.865  0.865
 247   9   9 port7_3                  0.833  0.840  0.841  0.843  0.851  0.852  0.864  0.877  0.877  0.879  0.879  0.879  0.879  0.881  0.882
 248   9   9 port7_4                  0.840  0.842  0.844  0.848  0.855  0.864  0.887  0.887  0.887  0.894  0.894  0.895  0.895  0.895  0.895
 249   9   9 port7_5                  0.828  0.841  0.841  0.841  0.854  0.861  0.869  0.876  0.876  0.885  0.885  0.886  0.887  0.887  0.887
 250   9   9 port7_6                  0.786  0.788  0.788  0.794  0.801  0.802  0.804  0.805  0.806  0.811  0.819  0.821  0.822  0.822  0.840
 251   9   9 port7_7                  0.732  0.742  0.774  0.774  0.781  0.784  0.791  0.837  0.837  0.839  0.840  0.840  0.843  0.847  0.856
 252   9   9 port7_8                  0.629  0.649  0.668  0.668  0.702  0.703  0.710  0.726  0.729  0.731  0.731  0.739  0.745  0.755  0.789
 253   9   9 port7_9                  0.681  0.685  0.688  0.695  0.729  0.734  0.767  0.768  0.770  0.776  0.784  0.787  0.788  0.803  0.808
 254   9   9 port7_low                0.431  0.470  0.473  0.486  0.757  0.767  0.777  0.791  0.792  0.795  0.795  0.795  0.797  0.797  0.814
 255   9   9 port8_2                  0.826  0.831  0.831  0.834  0.834  0.838  0.863  0.865  0.865  0.865  0.866  0.867  0.877  0.878  0.878
 256   9   9 port8_3                  0.742  0.757  0.769  0.772  0.784  0.784  0.794  0.796  0.798  0.806  0.807  0.808  0.810  0.818  0.818
 257   9   9 port8_4                  0.757  0.759  0.786  0.790  0.796  0.820  0.853  0.866  0.866  0.877  0.879  0.879  0.880  0.880  0.892
 258   9   9 port8_5                  0.716  0.729  0.779  0.779  0.812  0.832  0.842  0.865  0.865  0.867  0.867  0.870  0.872  0.872  0.888
 259   9   9 port8_6                  0.690  0.712  0.767  0.768  0.791  0.806  0.806  0.821  0.824  0.824  0.833  0.837  0.837  0.842  0.850
 260   9   9 port8_7                  0.666  0.666  0.670  0.670  0.682  0.683  0.686  0.699  0.699  0.699  0.699  0.702  0.702  0.717  0.725
 261   9   9 port8_8                  0.424  0.437  0.440  0.440  0.461  0.463  0.488  0.489  0.489  0.491  0.492  0.499  0.504  0.530  0.588
 262   9   9 port8_9                  0.610  0.632  0.642  0.648  0.668  0.669  0.677  0.677  0.677  0.693  0.693  0.697  0.715  0.745  0.745
 263   9   9 port8_high               0.232  0.280  0.283  0.288  0.289  0.290  0.305  0.315  0.335  0.337  0.409  0.413  0.414  0.426  0.427
 264   9   9 port8_low                0.600  0.607  0.607  0.629  0.764  0.784  0.818  0.826  0.833  0.846  0.847  0.847  0.848  0.848  0.859
 265   9   9 port9_2                  0.694  0.694  0.704  0.723  0.731  0.756  0.826  0.826  0.828  0.829  0.833  0.834  0.834  0.837  0.838
 266   9   9 port9_3                  0.794  0.805  0.805  0.809  0.810  0.824  0.871  0.890  0.890  0.890  0.891  0.891  0.893  0.893  0.894
 267   9   9 port9_4                  0.708  0.712  0.736  0.750  0.753  0.787  0.822  0.822  0.823  0.824  0.824  0.827  0.835  0.837  0.845
 268   9   9 port9_5                  0.737  0.740  0.740  0.740  0.740  0.756  0.759  0.767  0.769  0.773  0.774  0.777  0.787  0.787  0.799
 269   9   9 port9_6                  0.733  0.735  0.741  0.741  0.743  0.748  0.751  0.752  0.752  0.752  0.753  0.756  0.767  0.778  0.782
 270   9   9 port9_7                  0.656  0.656  0.656  0.659  0.667  0.667  0.670  0.722  0.722  0.726  0.732  0.732  0.761  0.774  0.774
 271   9   9 port9_8                  0.551  0.568  0.639  0.644  0.656  0.662  0.664  0.761  0.768  0.770  0.776  0.786  0.786  0.806  0.830
 272   9   9 port9_high               0.187  0.242  0.367  0.367  0.406  0.416  0.424  0.537  0.537  0.544  0.552  0.552  0.553  0.559  0.589
 273   9   9 port9_low                0.393  0.399  0.400  0.440  0.519  0.582  0.665  0.675  0.688  0.773  0.778  0.790  0.797  0.797  0.802
 274   9   9 portl_2                  0.627  0.644  0.644  0.660  0.664  0.703  0.772  0.805  0.808  0.816  0.816  0.817  0.830  0.831  0.832
 275   9   9 portl_3                  0.578  0.618  0.637  0.658  0.681  0.693  0.730  0.785  0.785  0.792  0.793  0.793  0.808  0.820  0.820
 276   9   9 portl_4                  0.592  0.602  0.605  0.612  0.613  0.626  0.638  0.646  0.647  0.652  0.663  0.664  0.681  0.702  0.703
 277   9   9 portl_5                  0.480  0.481  0.483  0.497  0.498  0.504  0.511  0.531  0.537  0.539  0.542  0.545  0.598  0.616  0.616
 278   9   9 portl_6                  0.571  0.571  0.576  0.580  0.581  0.594  0.604  0.604  0.605  0.606  0.608  0.608  0.641  0.646  0.646
 279   9   9 portl_7                  0.269  0.274  0.274  0.275  0.283  0.287  0.297  0.302  0.315  0.319  0.321  0.337  0.344  0.377  0.503

 Marginal R2

   1   1   5 PI                       0.000  0.000  0.000  0.003  0.000  0.002  0.000  0.000  0.020  0.004  0.000  0.000  0.009  0.004  0.000
   2   1   5 PI less transfers        0.001  0.012  0.000  0.017  0.000  0.007  0.000  0.000  0.011  0.002  0.000  0.001  0.031  0.019  0.001
   3   4   5 Real Consumption         0.001  0.010  0.007  0.003  0.013  0.002  0.017  0.006  0.017  0.064  0.104  0.001  0.074  0.147  0.001
   4   4   5 M&T sales                0.005  0.072  0.057  0.016  0.005  0.001  0.019  0.002  0.001  0.021  0.055  0.000  0.061  0.092  0.009
   5   4   5 Retail sales             0.009  0.018  0.001  0.001  0.016  0.002  0.006  0.016  0.004  0.063  0.126  0.002  0.124  0.222  0.003
   6   1   5 IP: total                0.017  0.386  0.221  0.026  0.003  0.043  0.042  0.001  0.081  0.033  0.006  0.012  0.001  0.032  0.005
   7   1   5 IP: products             0.022  0.345  0.283  0.060  0.001  0.034  0.018  0.001  0.036  0.021  0.028  0.006  0.005  0.002  0.000
   8   1   5 IP: final prod           0.027  0.269  0.257  0.078  0.001  0.041  0.021  0.003  0.039  0.020  0.050  0.007  0.006  0.005  0.004
   9   1   5 IP: cons gds             0.016  0.154  0.245  0.039  0.000  0.024  0.008  0.005  0.016  0.007  0.076  0.002  0.001  0.007  0.026
  10   1   5 IP: cons dble            0.022  0.168  0.141  0.042  0.001  0.006  0.002  0.008  0.025  0.012  0.105  0.006  0.003  0.009  0.003
  11   1   5 IP: cons nondble         0.004  0.010  0.035  0.010  0.000  0.023  0.000  0.000  0.000  0.000  0.006  0.028  0.005  0.005  0.044
  12   1   5 IP: bus eqpt             0.028  0.247  0.019  0.048  0.011  0.051  0.044  0.000  0.059  0.044  0.027  0.001  0.001  0.017  0.005
  13   1   5 IP: matls                0.014  0.285  0.084  0.008  0.002  0.039  0.059  0.011  0.063  0.026  0.055  0.037  0.001  0.092  0.015
  14   1   5 IP: dble matls           0.028  0.355  0.185  0.014  0.001  0.002  0.001  0.004  0.007  0.005  0.004  0.032  0.004  0.016  0.009
  15   1   5 IP: nondble matls        0.016  0.245  0.002  0.003  0.006  0.037  0.031  0.006  0.029  0.034  0.080  0.016  0.004  0.095  0.036
  16   1   5 IP: mfg                  0.019  0.439  0.277  0.028  0.002  0.024  0.015  0.000  0.044  0.024  0.000  0.005  0.002  0.015  0.000
  17   1   5 IP: res util             0.000  0.000  0.002  0.000  0.003  0.002  0.010  0.003  0.000  0.000  0.001  0.005  0.030  0.000  0.070
  18   1   5 IP: fuels                0.086  0.088  0.139  0.010  0.011  0.027  0.061  0.170  0.000  0.004  0.008  0.000  0.013  0.009  0.034
  19   1   1 NAPM prodn               0.037  0.165  0.003  0.120  0.035  0.039  0.123  0.022  0.098  0.020  0.014  0.005  0.030  0.052  0.001
  20   1   2 Cap util                 0.014  0.393  0.318  0.005  0.002  0.020  0.007  0.000  0.024  0.011  0.002  0.010  0.000  0.018  0.001
  21   2   2 Help wanted indx         0.000  0.035  0.002  0.012  0.044  0.000  0.002  0.012  0.012  0.019  0.010  0.008  0.001  0.036  0.000
  22   2   2 Help wanted/unemp        0.004  0.020  0.055  0.002  0.015  0.009  0.006  0.001  0.003  0.024  0.001  0.037  0.030  0.005  0.005
  23   2   5 Emp CPS total            0.000  0.014  0.030  0.025  0.011  0.011  0.003  0.013  0.045  0.077  0.070  0.003  0.087  0.006  0.000
  24   2   5 Emp CPS nonag            0.001  0.009  0.019  0.021  0.007  0.011  0.002  0.008  0.016  0.040  0.047  0.000  0.062  0.003  0.000
  25   2   2 U: all                   0.037  0.171  0.076  0.002  0.011  0.011  0.047  0.003  0.000  0.028  0.002  0.027  0.005  0.002  0.005
  26   2   2 U: mean duration         0.001  0.020  0.008  0.005  0.003  0.009  0.000  0.007  0.026  0.000  0.000  0.003  0.000  0.000  0.003
  27   2   5 U < 5 wks                0.001  0.014  0.002  0.002  0.000  0.001  0.003  0.010  0.000  0.000  0.008  0.004  0.001  0.000  0.007
  28   2   5 U 5-14 wks               0.019  0.001  0.013  0.005  0.000  0.026  0.010  0.007  0.000  0.012  0.000  0.016  0.012  0.003  0.020
  29   2   5 U 15+ wks                0.010  0.078  0.065  0.011  0.000  0.002  0.011  0.005  0.012  0.036  0.016  0.002  0.055  0.001  0.007
  30   2   5 U 15-26 wks              0.001  0.014  0.033  0.009  0.004  0.000  0.003  0.001  0.009  0.022  0.011  0.001  0.028  0.001  0.003
  31   2   5 U 27+ wks                0.006  0.025  0.012  0.005  0.001  0.005  0.003  0.004  0.010  0.004  0.007  0.010  0.066  0.005  0.003
  32   2   5 UI claims                0.004  0.042  0.036  0.003  0.009  0.011  0.013  0.000  0.001  0.002  0.004  0.002  0.014  0.009  0.002
  33   2   5 Emp: total               0.014  0.144  0.130  0.100  0.037  0.004  0.010  0.035  0.000  0.047  0.013  0.015  0.033  0.000  0.063
  34   2   5 Emp: gds prod            0.046  0.424  0.111  0.031  0.003  0.002  0.022  0.003  0.001  0.043  0.030  0.027  0.003  0.006  0.047
  35   2   5 Emp: mining              0.000  0.001  0.006  0.000  0.002  0.004  0.006  0.001  0.003  0.017  0.001  0.002  0.000  0.002  0.001
  36   2   5 Emp: const               0.001  0.041  0.037  0.017  0.009  0.002  0.006  0.025  0.058  0.081  0.025  0.027  0.044  0.006  0.000
  37   2   5 Emp: mfg                 0.040  0.344  0.128  0.023  0.000  0.002  0.038  0.000  0.006  0.015  0.057  0.054  0.001  0.001  0.024
  38   2   5 Emp: dble gds            0.022  0.250  0.128  0.018  0.001  0.002  0.017  0.000  0.007  0.005  0.065  0.046  0.001  0.000  0.018
  39   2   5 Emp: nondbles            0.044  0.230  0.059  0.015  0.000  0.003  0.057  0.000  0.000  0.034  0.015  0.027  0.007  0.007  0.002
  40   2   5 Emp: services            0.001  0.000  0.032  0.064  0.036  0.021  0.059  0.026  0.024  0.030  0.070  0.002  0.062  0.002  0.043
  41   2   5 Emp: TTU                 0.008  0.039  0.025  0.068  0.029  0.019  0.010  0.022  0.042  0.070  0.124  0.000  0.104  0.005  0.026
  42   2   5 Emp: wholesale           0.022  0.055  0.000  0.061  0.042  0.036  0.000  0.060  0.003  0.013  0.018  0.003  0.020  0.001  0.067
  43   2   5 Emp: retail              0.001  0.025  0.038  0.048  0.016  0.009  0.013  0.011  0.036  0.044  0.081  0.001  0.089  0.015  0.001
  44   2   5 Emp: FIRE                0.002  0.017  0.000  0.031  0.035  0.009  0.008  0.013  0.023  0.010  0.018  0.007  0.005  0.000  0.058
  45   2   5 Emp: Govt                0.005  0.005  0.032  0.002  0.000  0.012  0.001  0.006  0.009  0.036  0.004  0.001  0.005  0.001  0.011
  46   2   5 Agg wkly hours           0.005  0.131  0.054  0.005  0.000  0.055  0.005  0.004  0.006  0.008  0.001  0.373  0.005  0.016  0.018
  47   2   1 Avg hrs                  0.000  0.035  0.065  0.000  0.000  0.055  0.016  0.002  0.016  0.026  0.014  0.547  0.001  0.042  0.001
  48   2   2 Overtime: mfg            0.000  0.005  0.014  0.000  0.002  0.002  0.009  0.001  0.007  0.002  0.001  0.033  0.000  0.004  0.001
  49   2   1 Avg hrs: mfg             0.000  0.037  0.063  0.000  0.000  0.052  0.016  0.002  0.013  0.036  0.018  0.532  0.002  0.045  0.002
  50   2   1 NAPM empl                0.024  0.142  0.000  0.117  0.028  0.102  0.210  0.040  0.046  0.035  0.007  0.006  0.012  0.036  0.005
  51   3   4 Housing Starts: nonfarm  0.002  0.028  0.012  0.002  0.016  0.016  0.003  0.000  0.041  0.029  0.026  0.053  0.048  0.020  0.070
  52   3   4 Housing Starts: NE       0.002  0.050  0.004  0.001  0.012  0.002  0.004  0.006  0.026  0.022  0.002  0.037  0.020  0.001  0.005
  53   3   4 Housing Starts: MW       0.000  0.008  0.002  0.000  0.006  0.001  0.006  0.000  0.016  0.019  0.013  0.046  0.031  0.003  0.030
  54   3   4 Housing Starts: South    0.003  0.016  0.002  0.003  0.005  0.015  0.001  0.003  0.028  0.001  0.008  0.028  0.016  0.013  0.031
  55   3   4 Housing Starts: West     0.001  0.008  0.004  0.002  0.002  0.000  0.012  0.001  0.002  0.002  0.003  0.005  0.003  0.002  0.001
  56   3   4 BP: total                0.018  0.036  0.021  0.015  0.014  0.052  0.006  0.001  0.018  0.048  0.010  0.015  0.000  0.020  0.214
  57   3   4 BP: NE                   0.006  0.006  0.005  0.000  0.010  0.003  0.020  0.000  0.000  0.014  0.000  0.000  0.000  0.004  0.078
  58   3   4 BP: MW                   0.000  0.010  0.003  0.002  0.005  0.016  0.000  0.001  0.088  0.012  0.025  0.037  0.053  0.024  0.116
  59   3   4 BP: South                0.005  0.016  0.007  0.009  0.004  0.026  0.003  0.001  0.018  0.024  0.004  0.022  0.001  0.033  0.079
  60   3   4 BP: West                 0.005  0.014  0.005  0.025  0.003  0.018  0.000  0.007  0.000  0.029  0.019  0.000  0.002  0.001  0.052
  61   4   1 PMI                      0.025  0.164  0.001  0.145  0.035  0.100  0.228  0.036  0.065  0.025  0.009  0.005  0.014  0.054  0.000
  62   4   1 NAPM new ordrs           0.038  0.160  0.004  0.134  0.040  0.031  0.106  0.020  0.095  0.020  0.009  0.003  0.031  0.049  0.004
  63   4   1 NAPM vendor del          0.000  0.047  0.006  0.069  0.007  0.184  0.218  0.016  0.022  0.015  0.000  0.000  0.001  0.029  0.000
  64   4   1 NAPM Invent              0.004  0.064  0.003  0.073  0.020  0.146  0.264  0.034  0.009  0.007  0.001  0.005  0.000  0.023  0.004
  65   4   5 Orders: cons gds         0.006  0.118  0.118  0.000  0.007  0.000  0.001  0.001  0.007  0.003  0.003  0.016  0.018  0.002  0.016
  66   4   5 Orders: dble gds         0.017  0.076  0.002  0.002  0.078  0.002  0.010  0.008  0.002  0.000  0.024  0.014  0.009  0.022  0.014
  67   4   5 Orders: cap gds          0.000  0.002  0.000  0.001  0.009  0.001  0.002  0.002  0.020  0.000  0.006  0.000  0.002  0.002  0.003
  68   4   5 Unf orders: dble         0.002  0.006  0.020  0.028  0.010  0.042  0.000  0.025  0.021  0.001  0.001  0.018  0.001  0.003  0.006
  69   4   5 M&T invent               0.007  0.008  0.019  0.039  0.002  0.010  0.017  0.008  0.005  0.014  0.006  0.000  0.006  0.006  0.012
  70   4   2 M&T invent/sales         0.009  0.113  0.063  0.000  0.022  0.003  0.005  0.014  0.000  0.039  0.048  0.008  0.096  0.106  0.018
  71   5   6 M1                       0.026  0.193  0.025  0.017  0.061  0.000  0.005  0.030  0.029  0.002  0.145  0.000  0.023  0.061  0.017
  72   5   6 M2                       0.011  0.119  0.014  0.003  0.048  0.000  0.015  0.033  0.025  0.000  0.197  0.006  0.045  0.013  0.015
  73   5   6 Currency                 0.019  0.000  0.000  0.000  0.118  0.012  0.011  0.267  0.001  0.002  0.000  0.002  0.015  0.002  0.013
  74   5   5 M2 (real)                0.027  0.112  0.043  0.002  0.005  0.001  0.005  0.001  0.000  0.010  0.050  0.000  0.017  0.036  0.012
  75   5   6 MB                       0.103  0.237  0.131  0.008  0.004  0.011  0.001  0.049  0.000  0.005  0.000  0.002  0.011  0.001  0.007
  76   5   6 Reserves tot             0.030  0.176  0.021  0.008  0.037  0.035  0.007  0.000  0.056  0.003  0.335  0.001  0.030  0.008  0.002
  77   5   6 Reserves nonbor          0.002  0.050  0.002  0.009  0.003  0.002  0.011  0.012  0.001  0.002  0.001  0.004  0.023  0.003  0.006
  78   5   6 C&I loan plus            0.035  0.064  0.036  0.000  0.007  0.006  0.002  0.011  0.002  0.000  0.053  0.009  0.000  0.010  0.002
  79   5   1 DC&I loans               0.079  0.095  0.282  0.000  0.004  0.017  0.001  0.098  0.000  0.007  0.010  0.000  0.003  0.003  0.004
  80   5   6 Cons credit              0.001  0.000  0.001  0.000  0.000  0.000  0.001  0.000  0.002  0.003  0.001  0.019  0.005  0.000  0.000
  81   5   2 Inst cred/PI             0.000  0.002  0.001  0.000  0.004  0.000  0.001  0.002  0.006  0.003  0.000  0.001  0.006  0.003  0.001
  82   8   5 S&P 500                  0.380  0.037  0.082  0.015  0.018  0.025  0.003  0.091  0.013  0.003  0.004  0.000  0.039  0.000  0.007
  83   8   5 S&P: indust              0.377  0.025  0.065  0.018  0.013  0.026  0.006  0.076  0.013  0.002  0.003  0.000  0.044  0.001  0.007
  84   8   2 S&P div yield            0.200  0.034  0.000  0.049  0.021  0.000  0.001  0.038  0.022  0.029  0.015  0.004  0.044  0.005  0.015
  85   8   5 S&P PE ratio             0.096  0.021  0.048  0.000  0.016  0.001  0.006  0.014  0.021  0.012  0.016  0.010  0.001  0.004  0.044
  86   6   2 Fed Funds                0.006  0.052  0.070  0.331  0.003  0.038  0.001  0.003  0.001  0.108  0.010  0.019  0.017  0.039  0.005
  87   6   2 Comm paper               0.008  0.062  0.074  0.373  0.003  0.051  0.002  0.001  0.000  0.101  0.013  0.019  0.022  0.041  0.006
  88   6   2 3 mo T-bill              0.006  0.072  0.081  0.447  0.004  0.053  0.001  0.001  0.001  0.094  0.012  0.014  0.015  0.038  0.004
  89   6   2 6 mo T-bill              0.007  0.078  0.090  0.461  0.004  0.060  0.002  0.001  0.002  0.094  0.014  0.020  0.015  0.038  0.005
  90   6   2 1 yr T-bond              0.004  0.086  0.085  0.508  0.004  0.063  0.002  0.001  0.004  0.080  0.012  0.018  0.014  0.033  0.007
  91   6   2 5 yr T-bond              0.002  0.073  0.043  0.460  0.004  0.039  0.005  0.000  0.009  0.052  0.005  0.005  0.014  0.014  0.013
  92   6   2 10 yr T-bond             0.002  0.069  0.024  0.366  0.003  0.021  0.006  0.000  0.013  0.037  0.005  0.004  0.014  0.006  0.020
  93   6   2 Aaa bond                 0.010  0.103  0.013  0.381  0.005  0.015  0.003  0.001  0.017  0.049  0.004  0.000  0.008  0.001  0.021
  94   6   2 Baa bond                 0.103  0.134  0.063  0.215  0.023  0.000  0.000  0.088  0.035  0.053  0.000  0.001  0.000  0.006  0.003
  95   6   1 CP-FF spread             0.022  0.085  0.000  0.169  0.002  0.061  0.036  0.042  0.038  0.040  0.004  0.006  0.018  0.032  0.005
  96   6   1 3 mo-FF spread           0.005  0.016  0.012  0.269  0.001  0.166  0.083  0.000  0.035  0.110  0.034  0.014  0.024  0.022  0.003
  97   6   1 6 mo-FF spread           0.002  0.018  0.009  0.270  0.001  0.174  0.071  0.001  0.070  0.116  0.029  0.020  0.022  0.024  0.004
  98   6   1 1 yr-FF spread           0.001  0.014  0.006  0.186  0.001  0.187  0.088  0.003  0.125  0.138  0.029  0.024  0.018  0.021  0.003
  99   6   1 5 yr-FF spread           0.001  0.010  0.004  0.171  0.004  0.152  0.022  0.001  0.307  0.114  0.010  0.065  0.000  0.013  0.002
 100   6   1 10 yr-FF spread          0.002  0.013  0.028  0.131  0.009  0.097  0.004  0.000  0.396  0.098  0.005  0.081  0.001  0.009  0.006
 101   6   1 Aaa-FF spread            0.010  0.032  0.121  0.023  0.007  0.002  0.031  0.002  0.392  0.040  0.002  0.056  0.017  0.001  0.028
 102   6   1 Baa-FF spread            0.027  0.088  0.135  0.000  0.010  0.014  0.088  0.003  0.195  0.020  0.006  0.025  0.039  0.000  0.055
 103   6   5 Ex rate: avg             0.013  0.019  0.017  0.007  0.001  0.000  0.000  0.001  0.024  0.001  0.008  0.014  0.054  0.005  0.054
 104   6   5 Ex rate: Switz           0.006  0.001  0.002  0.036  0.000  0.001  0.002  0.002  0.002  0.016  0.010  0.003  0.002  0.001  0.000
 105   6   5 Ex rate: Japan           0.005  0.012  0.002  0.056  0.000  0.002  0.000  0.001  0.006  0.027  0.002  0.000  0.006  0.002  0.001
 106   6   5 Ex rate: UK              0.005  0.020  0.030  0.017  0.000  0.000  0.003  0.000  0.013  0.000  0.013  0.014  0.003  0.018  0.001
 107   6   5 EX rate: Canada          0.119  0.075  0.257  0.006  0.019  0.035  0.008  0.156  0.005  0.007  0.009  0.000  0.007  0.000  0.006
 108   7   6 PPI: fin gds             0.029  0.170  0.145  0.026  0.033  0.104  0.027  0.014  0.000  0.000  0.066  0.001  0.002  0.009  0.000
 109   7   6 PPI: cons gds            0.034  0.176  0.173  0.028  0.028  0.096  0.024  0.009  0.001  0.001  0.070  0.001  0.000  0.011  0.000
 110   7   6 PPI: int mat’ls          0.045  0.131  0.146  0.007  0.026  0.061  0.052  0.004  0.004  0.000  0.067  0.000  0.003  0.002  0.001
 111   7   6 PPI: crude mat’ls        0.006  0.017  0.058  0.001  0.115  0.021  0.009  0.017  0.000  0.000  0.040  0.000  0.001  0.001  0.002
 112   7   6 Spot market price        0.023  0.082  0.057  0.009  0.007  0.067  0.021  0.008  0.001  0.002  0.054  0.000  0.004  0.025  0.001
 113   7   6 PPI: nonferrous          0.007  0.016  0.010  0.027  0.009  0.011  0.002  0.002  0.000  0.010  0.001  0.006  0.000  0.000  0.000
 114   7   1 NAPM com price           0.000  0.030  0.012  0.004  0.020  0.223  0.163  0.027  0.015  0.002  0.000  0.001  0.001  0.010  0.016
 115   7   6 CPI-U: all               0.014  0.207  0.135  0.032  0.069  0.179  0.028  0.079  0.046  0.015  0.017  0.001  0.000  0.005  0.000
 116   7   6 CPI-U: apparel           0.000  0.000  0.007  0.001  0.000  0.009  0.000  0.011  0.000  0.000  0.001  0.000  0.007  0.000  0.006
 117   7   6 CPI-U: transp            0.029  0.300  0.151  0.039  0.043  0.039  0.001  0.027  0.014  0.017  0.003  0.000  0.009  0.009  0.003
 118   7   6 CPI-U: medical           0.002  0.007  0.014  0.011  0.006  0.037  0.031  0.008  0.000  0.002  0.000  0.002  0.026  0.000  0.000
 119   7   6 CPI-U: comm.             0.026  0.290  0.199  0.047  0.060  0.118  0.010  0.059  0.023  0.029  0.002  0.000  0.004  0.003  0.000
 120   7   6 CPI-U: dbles             0.000  0.002  0.006  0.010  0.001  0.010  0.000  0.000  0.006  0.002  0.001  0.000  0.001  0.001  0.001
 121   7   6 CPI-U: services          0.001  0.002  0.006  0.000  0.007  0.004  0.000  0.001  0.024  0.001  0.000  0.000  0.019  0.032  0.001
 122   7   6 CPI-U: ex food           0.020  0.256  0.105  0.025  0.067  0.045  0.000  0.036  0.041  0.013  0.000  0.002  0.000  0.018  0.001
 123   7   6 CPI-U: ex shelter        0.018  0.262  0.164  0.043  0.064  0.174  0.021  0.073  0.024  0.027  0.005  0.000  0.002  0.003  0.000
 124   7   6 CPI-U: ex med            0.019  0.244  0.128  0.041  0.058  0.181  0.020  0.065  0.047  0.016  0.008  0.002  0.000  0.005  0.000
 125   7   6 PCE defl                 0.031  0.282  0.116  0.017  0.082  0.120  0.014  0.076  0.031  0.005  0.004  0.006  0.001  0.000  0.000
 126   7   6 PCE defl: dlbes          0.000  0.011  0.006  0.009  0.004  0.000  0.002  0.004  0.001  0.008  0.021  0.004  0.028  0.022  0.000
 127   7   6 PCE defl: nondble        0.029  0.296  0.199  0.043  0.067  0.088  0.001  0.056  0.017  0.024  0.001  0.000  0.004  0.003  0.000
 128   7   6 PCE defl: service        0.003  0.031  0.000  0.001  0.064  0.000  0.003  0.025  0.000  0.009  0.211  0.022  0.144  0.123  0.026
 129   2   6 AHE: goods               0.000  0.031  0.091  0.004  0.000  0.032  0.033  0.006  0.020  0.034  0.040  0.353  0.005  0.037  0.005
 130   2   6 AHE: const               0.001  0.011  0.044  0.008  0.005  0.002  0.019  0.016  0.100  0.009  0.015  0.141  0.017  0.002  0.009
 131   2   6 AHE: mfg                 0.001  0.042  0.132  0.020  0.000  0.033  0.032  0.004  0.000  0.034  0.080  0.138  0.011  0.016  0.001
 132   4   2 Consumer expect          0.007  0.005  0.034  0.022  0.000  0.001  0.011  0.000  0.026  0.002  0.002  0.012  0.000  0.006  0.001
 133   9   9 D_log(DIV)               0.005  0.000  0.065  0.011  0.039  0.027  0.066  0.032  0.050  0.005  0.000  0.024  0.052  0.000  0.035
 134   9   9 D_log(P)                 0.887  0.002  0.001  0.010  0.002  0.020  0.031  0.004  0.001  0.004  0.000  0.001  0.003  0.000  0.000
 135   9   9 D_DIVreinvested          0.004  0.000  0.064  0.010  0.038  0.026  0.066  0.032  0.050  0.005  0.000  0.023  0.051  0.000  0.036
 136   9   9 D_Preinvested            0.885  0.002  0.001  0.012  0.002  0.022  0.029  0.005  0.001  0.004  0.000  0.002  0.004  0.000  0.000
 137   9   9 d-p                      0.001  0.025  0.112  0.031  0.136  0.029  0.039  0.001  0.056  0.018  0.001  0.002  0.016  0.015  0.016
 138   9   9 R15-R11                  0.029  0.015  0.008  0.000  0.436  0.019  0.049  0.200  0.007  0.001  0.001  0.001  0.034  0.001  0.002
 139   9   9 CP factor                0.005  0.001  0.000  0.093  0.005  0.001  0.027  0.008  0.002  0.000  0.016  0.032  0.002  0.009  0.022
 140   9   9 Mkt-RF                   0.872  0.007  0.000  0.010  0.003  0.015  0.031  0.011  0.000  0.005  0.001  0.000  0.004  0.000  0.001
 141   9   9 SMB                      0.116  0.029  0.019  0.012  0.176  0.050  0.080  0.134  0.003  0.007  0.000  0.001  0.003  0.006  0.030
 142   9   9 HML                      0.071  0.000  0.003  0.000  0.471  0.002  0.018  0.081  0.007  0.041  0.002  0.000  0.039  0.028  0.005
 143   9   9 UMD                      0.071  0.000  0.003  0.000  0.471  0.002  0.018  0.081  0.007  0.041  0.002  0.000  0.039  0.028  0.005
 144   9   9 Agric                    0.330  0.024  0.009  0.000  0.000  0.005  0.014  0.022  0.001  0.007  0.007  0.007  0.001  0.024  0.000
 145   9   9 Food                     0.342  0.016  0.010  0.021  0.002  0.001  0.007  0.021  0.015  0.042  0.002  0.008  0.008  0.014  0.011
 146   9   9 Beer                     0.385  0.010  0.017  0.007  0.003  0.001  0.001  0.004  0.004  0.019  0.012  0.005  0.001  0.012  0.021
 147   9   9 Smoke                    0.084  0.014  0.000  0.010  0.012  0.026  0.006  0.049  0.000  0.009  0.000  0.006  0.023  0.014  0.001
 148   9   9 Toys                     0.645  0.005  0.006  0.002  0.004  0.001  0.008  0.011  0.004  0.006  0.000  0.000  0.003  0.001  0.010
 149   9   9 Fun                      0.681  0.002  0.009  0.002  0.006  0.000  0.001  0.013  0.000  0.006  0.000  0.000  0.009  0.007  0.015
 150   9   9 Books                    0.600  0.008  0.010  0.000  0.020  0.004  0.001  0.016  0.017  0.010  0.003  0.005  0.005  0.000  0.006
 151   9   9 Hshld                    0.482  0.008  0.010  0.007  0.008  0.004  0.025  0.008  0.014  0.050  0.018  0.012  0.008  0.007  0.001
 152   9   9 Clths                    0.732  0.008  0.003  0.009  0.001  0.001  0.002  0.004  0.000  0.000  0.003  0.000  0.003  0.000  0.001
 153   9   9 MedEq                    0.403  0.000  0.000  0.016  0.001  0.011  0.050  0.000  0.018  0.039  0.001  0.001  0.007  0.009  0.004
 154   9   9 Drugs                    0.201  0.014  0.007  0.028  0.041  0.022  0.081  0.029  0.014  0.089  0.006  0.022  0.019  0.003  0.004
 155   9   9 Chems                    0.681  0.001  0.006  0.001  0.004  0.018  0.027  0.009  0.003  0.000  0.014  0.001  0.009  0.004  0.000
 156   9   9 Rubbr                    0.722  0.002  0.000  0.006  0.018  0.000  0.001  0.011  0.000  0.004  0.002  0.000  0.001  0.002  0.012
 157   9   9 Txtls                    0.480  0.043  0.032  0.019  0.034  0.001  0.024  0.000  0.001  0.013  0.001  0.003  0.017  0.000  0.064
 158   9   9 BldMt                    0.754  0.015  0.039  0.000  0.037  0.008  0.000  0.011  0.002  0.002  0.009  0.001  0.000  0.009  0.001
 159   9   9 Cnstr                    0.698  0.000  0.000  0.002  0.001  0.006  0.017  0.005  0.001  0.005  0.000  0.001  0.001  0.013  0.001
 160   9   9 Steel                    0.535  0.021  0.055  0.000  0.001  0.046  0.005  0.009  0.019  0.009  0.033  0.000  0.000  0.006  0.001
 161   9   9 Mach                     0.756  0.002  0.035  0.002  0.000  0.046  0.033  0.000  0.002  0.004  0.005  0.000  0.000  0.002  0.000
 162   9   9 ElcEq                    0.723  0.002  0.008  0.002  0.001  0.023  0.019  0.003  0.000  0.002  0.000  0.002  0.005  0.000  0.006
 163   9   9 Autos                    0.532  0.014  0.107  0.000  0.024  0.019  0.000  0.048  0.000  0.000  0.009  0.000  0.002  0.002  0.006
 164   9   9 Aero                     0.495  0.014  0.011  0.001  0.000  0.000  0.001  0.014  0.003  0.000  0.016  0.000  0.001  0.004  0.015
 165   9   9 Ships                    0.469  0.001  0.009  0.001  0.012  0.009  0.005  0.006  0.016  0.001  0.003  0.007  0.020  0.005  0.000
 166   9   9 Mines                    0.474  0.012  0.047  0.002  0.009  0.042  0.032  0.002  0.008  0.037  0.018  0.003  0.000  0.011  0.018
 167   9   9 Coal                     0.256  0.017  0.030  0.001  0.017  0.033  0.011  0.004  0.031  0.012  0.072  0.000  0.001  0.005  0.030
 168   9   9 Oil                      0.267  0.001  0.006  0.054  0.000  0.006  0.036  0.001  0.003  0.004  0.003  0.007  0.016  0.006  0.032
 169   9   9 Util                     0.225  0.005  0.001  0.014  0.001  0.000  0.003  0.001  0.003  0.012  0.001  0.017  0.001  0.025  0.098
 170   9   9 Telcm                    0.202  0.009  0.024  0.007  0.042  0.060  0.001  0.000  0.002  0.015  0.000  0.003  0.014  0.007  0.006
 171   9   9 PerSv                    0.386  0.067  0.040  0.000  0.001  0.007  0.021  0.018  0.006  0.000  0.000  0.002  0.006  0.006  0.000
 172   9   9 BusSv                    0.788  0.010  0.001  0.003  0.000  0.000  0.006  0.000  0.002  0.000  0.000  0.000  0.008  0.003  0.000
 173   9   9 Hardw                    0.196  0.004  0.003  0.004  0.237  0.037  0.000  0.001  0.001  0.020  0.016  0.000  0.004  0.005  0.033
 174   9   9 Chips                    0.348  0.014  0.000  0.001  0.188  0.014  0.000  0.000  0.006  0.005  0.008  0.000  0.003  0.000  0.020
 175   9   9 LabEq                    0.590  0.013  0.000  0.009  0.058  0.004  0.010  0.005  0.002  0.004  0.000  0.000  0.007  0.003  0.021
 176   9   9 Paper                    0.645  0.001  0.000  0.000  0.009  0.000  0.006  0.006  0.004  0.008  0.000  0.000  0.012  0.012  0.002
 177   9   9 Boxes                    0.588  0.003  0.000  0.003  0.017  0.048  0.032  0.010  0.004  0.000  0.000  0.003  0.011  0.003  0.000
 178   9   9 Trans                    0.669  0.009  0.016  0.000  0.000  0.002  0.002  0.056  0.000  0.000  0.000  0.000  0.003  0.000  0.009
 179   9   9 Whlsl                    0.776  0.017  0.007  0.001  0.001  0.001  0.018  0.002  0.007  0.001  0.000  0.001  0.003  0.008  0.005
 180   9   9 Rtail                    0.646  0.029  0.011  0.001  0.001  0.000  0.002  0.042  0.001  0.002  0.002  0.000  0.000  0.001  0.003
 181   9   9 Meals                    0.450  0.027  0.050  0.000  0.003  0.039  0.004  0.000  0.008  0.008  0.002  0.001  0.020  0.008  0.001
 182   9   9 Banks                    0.436  0.027  0.000  0.003  0.003  0.000  0.003  0.028  0.000  0.027  0.034  0.012  0.068  0.020  0.001
 183   9   9 Insur                    0.367  0.030  0.032  0.002  0.000  0.018  0.026  0.041  0.016  0.011  0.013  0.023  0.006  0.009  0.015
 184   9   9 RlEst                    0.477  0.034  0.032  0.002  0.075  0.002  0.017  0.074  0.007  0.005  0.005  0.000  0.015  0.000  0.003
 185   9   9 Fin                      0.619  0.001  0.015  0.003  0.025  0.038  0.006  0.003  0.000  0.001  0.002  0.005  0.004  0.000  0.001
 186   9   9 Other                    0.377  0.011  0.013  0.000  0.001  0.000  0.003  0.010  0.003  0.002  0.007  0.005  0.000  0.002  0.004
 187   9   9 ports_2                  0.497  0.020  0.004  0.003  0.101  0.017  0.015  0.070  0.000  0.010  0.003  0.005  0.002  0.006  0.000
 188   9   9 ports_4                  0.199  0.011  0.008  0.006  0.007  0.011  0.016  0.008  0.001  0.003  0.000  0.000  0.002  0.012  0.001
 189   9   9 ports_5                  0.729  0.014  0.023  0.013  0.001  0.026  0.013  0.016  0.000  0.004  0.002  0.004  0.007  0.006  0.001
 190   9   9 ports_6                  0.492  0.028  0.034  0.018  0.068  0.058  0.069  0.063  0.000  0.007  0.000  0.003  0.001  0.001  0.007
 191   9   9 ports_7                  0.724  0.029  0.034  0.018  0.000  0.029  0.025  0.001  0.001  0.003  0.000  0.004  0.002  0.005  0.003
 192   9   9 ports_8                  0.715  0.017  0.028  0.025  0.001  0.042  0.033  0.003  0.000  0.002  0.000  0.005  0.001  0.002  0.001
 193   9   9 ports_9                  0.740  0.006  0.015  0.018  0.002  0.040  0.041  0.003  0.002  0.002  0.002  0.003  0.004  0.002  0.000
 194   9   9 ports_high               0.683  0.007  0.006  0.015  0.028  0.012  0.039  0.027  0.000  0.000  0.000  0.002  0.003  0.000  0.000
 195   9   9 ports_low                0.670  0.051  0.016  0.001  0.068  0.006  0.002  0.018  0.000  0.007  0.000  0.002  0.000  0.012  0.002
 196   9   9 port2_2                  0.353  0.035  0.015  0.002  0.082  0.014  0.019  0.034  0.001  0.004  0.000  0.001  0.000  0.012  0.000
 197   9   9 port2_3                  0.608  0.042  0.024  0.009  0.051  0.024  0.031  0.010  0.001  0.006  0.000  0.001  0.001  0.001  0.001
 198   9   9 port2_4                  0.537  0.029  0.009  0.005  0.073  0.023  0.034  0.074  0.002  0.010  0.001  0.004  0.005  0.000  0.014
 199   9   9 port2_5                  0.795  0.018  0.011  0.004  0.005  0.006  0.005  0.007  0.002  0.008  0.000  0.001  0.000  0.001  0.000
 200   9   9 port2_6                  0.760  0.012  0.025  0.011  0.002  0.026  0.042  0.004  0.002  0.004  0.000  0.002  0.000  0.001  0.000
 201   9   9 port2_7                  0.722  0.003  0.011  0.015  0.000  0.024  0.043  0.004  0.002  0.001  0.002  0.001  0.008  0.005  0.000
 202   9   9 port2_8                  0.730  0.010  0.032  0.021  0.000  0.027  0.028  0.019  0.006  0.002  0.001  0.002  0.005  0.000  0.000
 203   9   9 port2_9                  0.804  0.000  0.004  0.010  0.026  0.013  0.029  0.009  0.005  0.000  0.001  0.001  0.000  0.001  0.001
 204   9   9 port2_high               0.755  0.005  0.012  0.012  0.028  0.007  0.027  0.012  0.001  0.000  0.001  0.000  0.002  0.002  0.001
 205   9   9 port2_low                0.637  0.043  0.012  0.000  0.094  0.008  0.000  0.030  0.000  0.007  0.000  0.003  0.001  0.008  0.001
 206   9   9 port3_2                  0.753  0.034  0.012  0.002  0.017  0.012  0.000  0.001  0.000  0.007  0.001  0.003  0.003  0.012  0.004
 207   9   9 port3_3                  0.776  0.023  0.005  0.000  0.010  0.003  0.001  0.001  0.000  0.007  0.000  0.002  0.001  0.008  0.004
 208   9   9 port3_4                  0.780  0.033  0.020  0.004  0.009  0.007  0.000  0.017  0.001  0.006  0.001  0.001  0.003  0.004  0.004
 209   9   9 port3_5                  0.859  0.003  0.000  0.002  0.015  0.008  0.002  0.001  0.001  0.004  0.000  0.003  0.004  0.004  0.000
 210   9   9 port3_6                  0.760  0.020  0.006  0.001  0.006  0.025  0.007  0.000  0.001  0.010  0.000  0.003  0.006  0.001  0.000
 211   9   9 port3_7                  0.781  0.000  0.001  0.006  0.035  0.005  0.020  0.001  0.001  0.000  0.001  0.000  0.003  0.002  0.006
 212   9   9 port3_8                  0.719  0.016  0.000  0.015  0.040  0.011  0.047  0.001  0.001  0.001  0.000  0.000  0.001  0.002  0.001
 213   9   9 port3_9                  0.625  0.001  0.009  0.022  0.003  0.046  0.083  0.008  0.005  0.000  0.001  0.004  0.006  0.003  0.001
 214   9   9 port3_high               0.688  0.002  0.014  0.007  0.060  0.001  0.033  0.001  0.007  0.001  0.000  0.002  0.000  0.003  0.000
 215   9   9 port3_low                0.636  0.068  0.018  0.000  0.102  0.004  0.000  0.013  0.002  0.003  0.000  0.002  0.001  0.008  0.010
 216   9   9 port4_2                  0.781  0.020  0.003  0.000  0.003  0.002  0.000  0.000  0.001  0.002  0.002  0.002  0.014  0.003  0.003
 217   9   9 port4_3                  0.812  0.018  0.007  0.003  0.003  0.006  0.000  0.004  0.000  0.007  0.000  0.001  0.009  0.005  0.000
 218   9   9 port4_4                  0.805  0.023  0.008  0.001  0.002  0.010  0.000  0.001  0.000  0.009  0.000  0.002  0.000  0.004  0.000
 219   9   9 port4_5                  0.777  0.008  0.014  0.004  0.013  0.009  0.010  0.017  0.000  0.004  0.000  0.000  0.007  0.000  0.000
 220   9   9 port4_6                  0.783  0.016  0.006  0.012  0.011  0.016  0.010  0.011  0.000  0.003  0.000  0.002  0.000  0.001  0.003
 221   9   9 port4_7                  0.806  0.003  0.000  0.000  0.028  0.003  0.004  0.004  0.000  0.002  0.000  0.000  0.007  0.001  0.000
 222   9   9 port4_8                  0.728  0.000  0.002  0.002  0.001  0.000  0.021  0.009  0.002  0.010  0.000  0.003  0.000  0.001  0.003
 223   9   9 port4_9                  0.639  0.001  0.018  0.010  0.024  0.030  0.045  0.030  0.003  0.000  0.001  0.000  0.002  0.005  0.000
 224   9   9 port4_high               0.551  0.034  0.029  0.020  0.026  0.001  0.043  0.002  0.003  0.008  0.004  0.002  0.005  0.002  0.012
 225   9   9 port4_low                0.598  0.019  0.018  0.000  0.124  0.001  0.000  0.008  0.001  0.002  0.000  0.000  0.009  0.004  0.009
 226   9   9 port5_2                  0.765  0.020  0.001  0.001  0.047  0.000  0.001  0.024  0.000  0.013  0.000  0.002  0.001  0.003  0.002
 227   9   9 port5_3                  0.776  0.025  0.012  0.000  0.001  0.000  0.000  0.028  0.001  0.005  0.001  0.001  0.000  0.006  0.001
 228   9   9 port5_4                  0.820  0.009  0.002  0.003  0.010  0.000  0.000  0.009  0.000  0.002  0.008  0.003  0.001  0.004  0.004
 229   9   9 port5_5                  0.799  0.003  0.005  0.001  0.013  0.006  0.002  0.010  0.000  0.002  0.001  0.000  0.005  0.000  0.000
 230   9   9 port5_6                  0.718  0.005  0.002  0.000  0.020  0.002  0.003  0.012  0.000  0.004  0.000  0.000  0.005  0.000  0.000
 231   9   9 port5_7                  0.722  0.001  0.007  0.001  0.037  0.000  0.017  0.000  0.000  0.002  0.002  0.000  0.004  0.004  0.002
 232   9   9 port5_8                  0.718  0.008  0.005  0.002  0.030  0.002  0.021  0.028  0.006  0.001  0.005  0.002  0.000  0.001  0.003
 233   9   9 port5_9                  0.696  0.002  0.003  0.003  0.029  0.013  0.020  0.019  0.006  0.000  0.002  0.001  0.001  0.002  0.000
 234   9   9 port5_high               0.602  0.056  0.034  0.009  0.025  0.001  0.035  0.004  0.002  0.001  0.000  0.000  0.000  0.011  0.008
 235   9   9 port5_low                0.509  0.037  0.005  0.006  0.226  0.001  0.010  0.014  0.001  0.001  0.000  0.000  0.001  0.006  0.009
 236   9   9 port6_2                  0.830  0.009  0.001  0.000  0.001  0.001  0.019  0.000  0.000  0.001  0.000  0.000  0.003  0.005  0.000
 237   9   9 port6_3                  0.835  0.016  0.005  0.001  0.002  0.001  0.003  0.007  0.000  0.001  0.000  0.001  0.000  0.002  0.001
 238   9   9 port6_4                  0.733  0.013  0.005  0.000  0.001  0.001  0.000  0.012  0.000  0.001  0.001  0.000  0.011  0.001  0.000
 239   9   9 port6_5                  0.699  0.018  0.026  0.000  0.006  0.002  0.001  0.033  0.001  0.006  0.000  0.000  0.000  0.000  0.004
 240   9   9 port6_6                  0.717  0.014  0.034  0.001  0.035  0.002  0.000  0.010  0.004  0.001  0.001  0.000  0.000  0.000  0.003
 241   9   9 port6_7                  0.748  0.003  0.001  0.000  0.031  0.001  0.000  0.011  0.001  0.001  0.000  0.000  0.000  0.002  0.004
 242   9   9 port6_8                  0.612  0.010  0.013  0.000  0.043  0.000  0.014  0.009  0.000  0.001  0.000  0.002  0.013  0.015  0.007
 243   9   9 port6_9                  0.504  0.002  0.001  0.001  0.011  0.020  0.041  0.001  0.002  0.000  0.021  0.000  0.018  0.029  0.001
 244   9   9 port6_high               0.605  0.005  0.013  0.007  0.010  0.010  0.010  0.007  0.003  0.001  0.001  0.003  0.002  0.000  0.000
 245   9   9 port6_low                0.469  0.041  0.014  0.002  0.225  0.000  0.009  0.050  0.001  0.000  0.000  0.000  0.004  0.004  0.001
 246   9   9 port7_2                  0.813  0.006  0.000  0.006  0.000  0.000  0.018  0.000  0.003  0.001  0.002  0.000  0.015  0.001  0.000
 247   9   9 port7_3                  0.833  0.007  0.001  0.002  0.007  0.002  0.011  0.013  0.000  0.002  0.000  0.000  0.000  0.002  0.001
 248   9   9 port7_4                  0.840  0.002  0.002  0.004  0.008  0.009  0.023  0.000  0.000  0.007  0.000  0.000  0.000  0.000  0.000
 249   9   9 port7_5                  0.828  0.013  0.000  0.000  0.013  0.007  0.008  0.007  0.000  0.009  0.000  0.001  0.001  0.001  0.000
 250   9   9 port7_6                  0.786  0.002  0.000  0.006  0.007  0.001  0.002  0.001  0.001  0.005  0.008  0.002  0.001  0.001  0.017
 251   9   9 port7_7                  0.732  0.011  0.032  0.000  0.007  0.002  0.007  0.046  0.000  0.001  0.002  0.000  0.002  0.005  0.008
 252   9   9 port7_8                  0.629  0.020  0.019  0.000  0.034  0.001  0.008  0.016  0.003  0.002  0.000  0.008  0.006  0.010  0.034
 253   9   9 port7_9                  0.681  0.004  0.003  0.007  0.034  0.004  0.034  0.001  0.002  0.006  0.008  0.003  0.002  0.015  0.005
 254   9   9 port7_low                0.431  0.039  0.003  0.013  0.272  0.009  0.010  0.014  0.001  0.002  0.001  0.000  0.002  0.000  0.017
 255   9   9 port8_2                  0.826  0.005  0.000  0.003  0.000  0.004  0.024  0.002  0.000  0.000  0.002  0.000  0.010  0.000  0.001
 256   9   9 port8_3                  0.742  0.015  0.013  0.003  0.012  0.000  0.010  0.002  0.002  0.008  0.001  0.001  0.002  0.008  0.001
 257   9   9 port8_4                  0.757  0.003  0.027  0.005  0.006  0.024  0.033  0.013  0.000  0.011  0.002  0.000  0.001  0.000  0.011
 258   9   9 port8_5                  0.716  0.014  0.050  0.000  0.033  0.020  0.010  0.023  0.000  0.002  0.000  0.003  0.002  0.000  0.016
 259   9   9 port8_6                  0.690  0.023  0.054  0.001  0.023  0.016  0.000  0.015  0.003  0.000  0.008  0.004  0.000  0.005  0.007
 260   9   9 port8_7                  0.666  0.000  0.004  0.000  0.012  0.001  0.004  0.012  0.000  0.000  0.000  0.003  0.000  0.015  0.008
 261   9   9 port8_8                  0.424  0.013  0.003  0.000  0.021  0.002  0.025  0.001  0.000  0.002  0.001  0.007  0.005  0.027  0.058
 262   9   9 port8_9                  0.610  0.022  0.011  0.006  0.020  0.001  0.008  0.001  0.000  0.016  0.000  0.004  0.018  0.030  0.000
 263   9   9 port8_high               0.232  0.048  0.003  0.005  0.002  0.001  0.015  0.010  0.020  0.002  0.072  0.004  0.001  0.013  0.001
 264   9   9 port8_low                0.600  0.008  0.000  0.021  0.136  0.020  0.034  0.008  0.007  0.013  0.001  0.000  0.001  0.000  0.011
 265   9   9 port9_2                  0.694  0.000  0.010  0.019  0.008  0.025  0.070  0.000  0.002  0.001  0.004  0.001  0.000  0.003  0.001
 266   9   9 port9_3                  0.794  0.011  0.001  0.003  0.001  0.015  0.047  0.019  0.000  0.000  0.001  0.000  0.002  0.000  0.001
 267   9   9 port9_4                  0.708  0.004  0.024  0.014  0.003  0.035  0.035  0.000  0.000  0.001  0.000  0.003  0.008  0.001  0.008
 268   9   9 port9_5                  0.737  0.002  0.000  0.000  0.000  0.016  0.004  0.008  0.002  0.004  0.002  0.003  0.011  0.000  0.012
 269   9   9 port9_6                  0.733  0.002  0.006  0.000  0.001  0.005  0.004  0.001  0.000  0.000  0.000  0.003  0.011  0.011  0.003
 270   9   9 port9_7                  0.656  0.000  0.000  0.002  0.008  0.000  0.003  0.052  0.000  0.004  0.006  0.000  0.029  0.013  0.000
 271   9   9 port9_8                  0.551  0.016  0.071  0.005  0.012  0.006  0.002  0.097  0.007  0.002  0.006  0.009  0.000  0.020  0.024
 272   9   9 port9_high               0.187  0.056  0.125  0.000  0.039  0.010  0.008  0.113  0.000  0.008  0.008  0.000  0.001  0.007  0.029
 273   9   9 port9_low                0.393  0.006  0.001  0.040  0.079  0.063  0.083  0.011  0.013  0.085  0.005  0.012  0.007  0.000  0.005
 274   9   9 portl_2                  0.627  0.017  0.000  0.016  0.004  0.039  0.069  0.033  0.003  0.007  0.000  0.002  0.013  0.000  0.001
 275   9   9 portl_3                  0.578  0.040  0.019  0.021  0.023  0.012  0.038  0.055  0.000  0.007  0.001  0.000  0.015  0.012  0.001
 276   9   9 portl_4                  0.592  0.009  0.004  0.007  0.001  0.013  0.012  0.007  0.001  0.006  0.011  0.001  0.017  0.022  0.000
 277   9   9 portl_5                  0.480  0.001  0.002  0.014  0.001  0.006  0.007  0.020  0.006  0.002  0.003  0.003  0.053  0.018  0.000
 278   9   9 portl_6                  0.571  0.000  0.006  0.003  0.001  0.013  0.010  0.000  0.000  0.002  0.001  0.000  0.033  0.005  0.000
 279   9   9 portl_7                  0.269  0.005  0.000  0.001  0.008  0.004  0.011  0.005  0.013  0.004  0.003  0.016  0.007  0.033  0.126

 Highest Marginal R2's

 Factor 1: total contribution = 0.3207 

 134   9   9 D_log(P)                 0.887
 136   9   9 D_Preinvested            0.885
 140   9   9 Mkt-RF                   0.872
 209   9   9 port3_5                  0.859
 248   9   9 port7_4                  0.840
 237   9   9 port6_3                  0.835
 247   9   9 port7_3                  0.833
 236   9   9 port6_2                  0.830
 249   9   9 port7_5                  0.828
 255   9   9 port8_2                  0.826

 Factor 2: total contribution = 0.0512 

  16   1   5 IP: mfg                  0.439
  34   2   5 Emp: gds prod            0.424
  20   1   2 Cap util                 0.393
   6   1   5 IP: total                0.386
  14   1   5 IP: dble matls           0.355
   7   1   5 IP: products             0.345
  37   2   5 Emp: mfg                 0.344
 117   7   6 CPI-U: transp            0.300
 127   7   6 PCE defl: nondble        0.296
 119   7   6 CPI-U: comm.             0.290

 Factor 3: total contribution = 0.0362 

  20   1   2 Cap util                 0.318
   7   1   5 IP: products             0.283
  79   5   1 DC&I loans               0.282
  16   1   5 IP: mfg                  0.277
 107   6   5 EX rate: Canada          0.257
   8   1   5 IP: final prod           0.257
   9   1   5 IP: cons gds             0.245
   6   1   5 IP: total                0.221
 127   7   6 PCE defl: nondble        0.199
 119   7   6 CPI-U: comm.             0.199

 Factor 4: total contribution = 0.0297 

  90   6   2 1 yr T-bond              0.508
  89   6   2 6 mo T-bill              0.461
  91   6   2 5 yr T-bond              0.460
  88   6   2 3 mo T-bill              0.447
  93   6   2 Aaa bond                 0.381
  87   6   2 Comm paper               0.373
  92   6   2 10 yr T-bond             0.366
  86   6   2 Fed Funds                0.331
  97   6   1 6 mo-FF spread           0.270
  96   6   1 3 mo-FF spread           0.269

 Factor 5: total contribution = 0.0271 

 142   9   9 HML                      0.471
 143   9   9 UMD                      0.471
 138   9   9 R15-R11                  0.436
 254   9   9 port7_low                0.272
 173   9   9 Hardw                    0.237
 235   9   9 port5_low                0.226
 245   9   9 port6_low                0.225
 174   9   9 Chips                    0.188
 141   9   9 SMB                      0.176
 137   9   9 d-p                      0.136

 Factor 6: total contribution = 0.0232 

 114   7   1 NAPM com price           0.223
  98   6   1 1 yr-FF spread           0.187
  63   4   1 NAPM vendor del          0.184
 124   7   6 CPI-U: ex med            0.181
 115   7   6 CPI-U: all               0.179
 123   7   6 CPI-U: ex shelter        0.174
  97   6   1 6 mo-FF spread           0.174
  96   6   1 3 mo-FF spread           0.166
  99   6   1 5 yr-FF spread           0.152
  64   4   1 NAPM Invent              0.146

 Factor 7: total contribution = 0.0208 

  64   4   1 NAPM Invent              0.264
  61   4   1 PMI                      0.228
  63   4   1 NAPM vendor del          0.218
  50   2   1 NAPM empl                0.210
 114   7   1 NAPM com price           0.163
  19   1   1 NAPM prodn               0.123
  62   4   1 NAPM new ordrs           0.106
  98   6   1 1 yr-FF spread           0.088
 102   6   1 Baa-FF spread            0.088
  96   6   1 3 mo-FF spread           0.083

 Factor 8: total contribution = 0.0181 

  73   5   6 Currency                 0.267
 138   9   9 R15-R11                  0.200
  18   1   5 IP: fuels                0.170
 107   6   5 EX rate: Canada          0.156
 141   9   9 SMB                      0.134
 272   9   9 port9_high               0.113
  79   5   1 DC&I loans               0.098
 271   9   9 port9_8                  0.097
  82   8   5 S&P 500                  0.091
  94   6   2 Baa bond                 0.088

 Factor 9: total contribution = 0.0159 

 100   6   1 10 yr-FF spread          0.396
 101   6   1 Aaa-FF spread            0.392
  99   6   1 5 yr-FF spread           0.307
 102   6   1 Baa-FF spread            0.195
  98   6   1 1 yr-FF spread           0.125
 130   2   6 AHE: const               0.100
  19   1   1 NAPM prodn               0.098
  62   4   1 NAPM new ordrs           0.095
  58   3   4 BP: MW                   0.088
   6   1   5 IP: total                0.081

 Factor 10: total contribution = 0.0156 

  98   6   1 1 yr-FF spread           0.138
  97   6   1 6 mo-FF spread           0.116
  99   6   1 5 yr-FF spread           0.114
  96   6   1 3 mo-FF spread           0.110
  86   6   2 Fed Funds                0.108
  87   6   2 Comm paper               0.101
 100   6   1 10 yr-FF spread          0.098
  89   6   2 6 mo T-bill              0.094
  88   6   2 3 mo T-bill              0.094
 154   9   9 Drugs                    0.089

 Factor 11: total contribution = 0.0146 

  76   5   6 Reserves tot             0.335
 128   7   6 PCE defl: service        0.211
  72   5   6 M2                       0.197
  71   5   6 M1                       0.145
   5   4   5 Retail sales             0.126
  41   2   5 Emp: TTU                 0.124
  10   1   5 IP: cons dble            0.105
   3   4   5 Real Consumption         0.104
  43   2   5 Emp: retail              0.081
  15   1   5 IP: nondble matls        0.080

 Factor 12: total contribution = 0.0141 

  47   2   1 Avg hrs                  0.547
  49   2   1 Avg hrs: mfg             0.532
  46   2   5 Agg wkly hours           0.373
 129   2   6 AHE: goods               0.353
 130   2   6 AHE: const               0.141
 131   2   6 AHE: mfg                 0.138
 100   6   1 10 yr-FF spread          0.081
  99   6   1 5 yr-FF spread           0.065
 101   6   1 Aaa-FF spread            0.056
  37   2   5 Emp: mfg                 0.054

 Factor 13: total contribution = 0.0125 

 128   7   6 PCE defl: service        0.144
   5   4   5 Retail sales             0.124
  41   2   5 Emp: TTU                 0.104
  70   4   2 M&T invent/sales         0.096
  43   2   5 Emp: retail              0.089
  23   2   5 Emp CPS total            0.087
   3   4   5 Real Consumption         0.074
 182   9   9 Banks                    0.068
  31   2   5 U 27+ wks                0.066
  40   2   5 Emp: services            0.062

 Factor 14: total contribution = 0.0117 

   5   4   5 Retail sales             0.222
   3   4   5 Real Consumption         0.147
 128   7   6 PCE defl: service        0.123
  70   4   2 M&T invent/sales         0.106
  15   1   5 IP: nondble matls        0.095
  13   1   5 IP: matls                0.092
   4   4   5 M&T sales                0.092
  71   5   6 M1                       0.061
  61   4   1 PMI                      0.054
  19   1   1 NAPM prodn               0.052

 Factor 15: total contribution = 0.0112 

  56   3   4 BP: total                0.214
 279   9   9 portl_7                  0.126
  58   3   4 BP: MW                   0.116
 169   9   9 Util                     0.098
  59   3   4 BP: South                0.079
  57   3   4 BP: NE                   0.078
  17   1   5 IP: res util             0.070
  51   3   4 Housing Starts: nonfarm  0.070
  42   2   5 Emp: wholesale           0.067
 157   9   9 Txtls                    0.064